***Warning: Fit is not current.
***Warning: Fit is not current.

Previous model: pileup for source #: 1 has been rendered inactive.

========================================================================
Model isothermal_with_pileup:expmodgauss<1> + constant<2>*vapec<3> Source No.: 1   Active/On
Model Model Component  Parameter  Unit     Value
 par  comp
                           Data group: 1
   1    1   expmodgausslam        ct/keV/s 3.00000      +/-  0.0          
   2    1   expmodgaussmu         keV      3.00000      +/-  0.0          
   3    1   expmodgausssigma      keV      1.00000      +/-  0.0          
   4    1   expmodgaussnorm                1.00000      +/-  0.0          
   5    2   constant   factor              1.00000      +/-  0.0          
   6    3   vapec      kT         keV      6.50000      +/-  0.0          
   7    3   vapec      He                  1.00000      frozen
   8    3   vapec      C                   1.00000      frozen
   9    3   vapec      N                   1.00000      frozen
  10    3   vapec      O                   1.00000      frozen
  11    3   vapec      Ne                  1.00000      frozen
  12    3   vapec      Mg                  1.00000      frozen
  13    3   vapec      Al                  1.00000      frozen
  14    3   vapec      Si                  1.00000      frozen
  15    3   vapec      S                   1.00000      frozen
  16    3   vapec      Ar                  1.00000      frozen
  17    3   vapec      Ca                  1.00000      frozen
  18    3   vapec      Fe                  1.00000      frozen
  19    3   vapec      Ni                  1.00000      frozen
  20    3   vapec      Redshift            0.0          frozen
  21    3   vapec      norm                1.00000      +/-  0.0          
                           Data group: 2
  22    1   expmodgausslam        ct/keV/s 3.00000      = isothermal_with_pileup:p1
  23    1   expmodgaussmu         keV      3.00000      = isothermal_with_pileup:p2
  24    1   expmodgausssigma      keV      1.00000      = isothermal_with_pileup:p3
  25    1   expmodgaussnorm                1.00000      = isothermal_with_pileup:p4
  26    2   constant   factor              1.00000      = isothermal_with_pileup:p5
  27    3   vapec      kT         keV      6.50000      = isothermal_with_pileup:p6
  28    3   vapec      He                  1.00000      = isothermal_with_pileup:p7
  29    3   vapec      C                   1.00000      = isothermal_with_pileup:p8
  30    3   vapec      N                   1.00000      = isothermal_with_pileup:p9
  31    3   vapec      O                   1.00000      = isothermal_with_pileup:p10
  32    3   vapec      Ne                  1.00000      = isothermal_with_pileup:p11
  33    3   vapec      Mg                  1.00000      = isothermal_with_pileup:p12
  34    3   vapec      Al                  1.00000      = isothermal_with_pileup:p13
  35    3   vapec      Si                  1.00000      = isothermal_with_pileup:p14
  36    3   vapec      S                   1.00000      = isothermal_with_pileup:p15
  37    3   vapec      Ar                  1.00000      = isothermal_with_pileup:p16
  38    3   vapec      Ca                  1.00000      = isothermal_with_pileup:p17
  39    3   vapec      Fe                  1.00000      = isothermal_with_pileup:p18
  40    3   vapec      Ni                  1.00000      = isothermal_with_pileup:p19
  41    3   vapec      Redshift            0.0          = isothermal_with_pileup:p20
  42    3   vapec      norm                1.00000      = isothermal_with_pileup:p21
________________________________________________________________________


Fit statistic  : C-Statistic                25240.10     using 108 bins, spectrum 1, group 1.
                 C-Statistic                24986.66     using 108 bins, spectrum 2, group 2.
Total fit statistic                         50226.76     with 209 d.o.f.

Test statistic : Chi-Squared                11555.29     using 216 bins.
 Null hypothesis probability of 0.00e+00 with 209 degrees of freedom
 Current data and model not fit yet.

Fit statistic  : C-Statistic                25294.91     using 108 bins, spectrum 1, group 1.
                 C-Statistic                25040.59     using 108 bins, spectrum 2, group 2.
Total fit statistic                         50335.50     with 209 d.o.f.

Test statistic : Chi-Squared                11564.37     using 216 bins.
 Null hypothesis probability of 0.00e+00 with 209 degrees of freedom
 Current data and model not fit yet.

Fit statistic  : C-Statistic                25803.39     using 108 bins, spectrum 1, group 1.
                 C-Statistic                25501.79     using 108 bins, spectrum 2, group 2.
Total fit statistic                         51305.18     with 209 d.o.f.

Test statistic : Chi-Squared                11595.36     using 216 bins.
 Null hypothesis probability of 0.00e+00 with 209 degrees of freedom
 Current data and model not fit yet.

Fit statistic  : C-Statistic                25803.39     using 108 bins, spectrum 1, group 1.
                 C-Statistic                25501.79     using 108 bins, spectrum 2, group 2.
Total fit statistic                         51305.18     with 209 d.o.f.

Test statistic : Chi-Squared                11595.36     using 216 bins.
 Null hypothesis probability of 0.00e+00 with 209 degrees of freedom
 Current data and model not fit yet.

Fit statistic  : C-Statistic                25336.08     using 108 bins, spectrum 1, group 1.
                 C-Statistic                25250.22     using 108 bins, spectrum 2, group 2.
Total fit statistic                         50586.30     with 209 d.o.f.

Test statistic : Chi-Squared                10970.37     using 216 bins.
 Null hypothesis probability of 0.00e+00 with 209 degrees of freedom
 Current data and model not fit yet.

Fit statistic  : C-Statistic                25336.08     using 108 bins, spectrum 1, group 1.
                 C-Statistic                25250.22     using 108 bins, spectrum 2, group 2.
Total fit statistic                         50586.30     with 210 d.o.f.

Test statistic : Chi-Squared                10970.37     using 216 bins.
 Null hypothesis probability of 0.00e+00 with 210 degrees of freedom
 Current data and model not fit yet.

Fit statistic  : C-Statistic                25404.98     using 108 bins, spectrum 1, group 1.
                 C-Statistic                25327.14     using 108 bins, spectrum 2, group 2.
Total fit statistic                         50732.11     with 210 d.o.f.

Test statistic : Chi-Squared                10924.98     using 216 bins.
 Null hypothesis probability of 0.00e+00 with 210 degrees of freedom
 Current data and model not fit yet.

Fit statistic  : C-Statistic                25404.98     using 108 bins, spectrum 1, group 1.
                 C-Statistic                25327.14     using 108 bins, spectrum 2, group 2.
Total fit statistic                         50732.11     with 211 d.o.f.

Test statistic : Chi-Squared                10924.98     using 216 bins.
 Null hypothesis probability of 0.00e+00 with 211 degrees of freedom
 Current data and model not fit yet.

Fit statistic  : C-Statistic                24392.49     using 108 bins, spectrum 1, group 1.
                 C-Statistic                24313.49     using 108 bins, spectrum 2, group 2.
Total fit statistic                         48705.98     with 211 d.o.f.

Test statistic : Chi-Squared                10856.76     using 216 bins.
 Null hypothesis probability of 0.00e+00 with 211 degrees of freedom
 Current data and model not fit yet.

Fit statistic  : C-Statistic                24392.49     using 108 bins, spectrum 1, group 1.
                 C-Statistic                24313.49     using 108 bins, spectrum 2, group 2.
Total fit statistic                         48705.98     with 212 d.o.f.

Test statistic : Chi-Squared                10856.76     using 216 bins.
 Null hypothesis probability of 0.00e+00 with 212 degrees of freedom
 Current data and model not fit yet.

Fit statistic  : C-Statistic                31776.39     using 108 bins, spectrum 1, group 1.
                 C-Statistic                31564.21     using 108 bins, spectrum 2, group 2.
Total fit statistic                         63340.60     with 212 d.o.f.

Test statistic : Chi-Squared                12062.61     using 216 bins.
 Null hypothesis probability of 0.00e+00 with 212 degrees of freedom
 Current data and model not fit yet.

Fit statistic  : C-Statistic                31776.39     using 108 bins, spectrum 1, group 1.
                 C-Statistic                31564.21     using 108 bins, spectrum 2, group 2.
Total fit statistic                         63340.60     with 213 d.o.f.

Test statistic : Chi-Squared                12062.61     using 216 bins.
 Null hypothesis probability of 0.00e+00 with 213 degrees of freedom
 Current data and model not fit yet.

Fit statistic  : C-Statistic                31776.39     using 108 bins, spectrum 1, group 1.
                 C-Statistic                31996.68     using 108 bins, spectrum 2, group 2.
Total fit statistic                         63773.07     with 212 d.o.f.

Test statistic : Chi-Squared                12028.92     using 216 bins.
 Null hypothesis probability of 0.00e+00 with 212 degrees of freedom
 Current data and model not fit yet.

Fit statistic  : C-Statistic                31776.39     using 108 bins, spectrum 1, group 1.
                 C-Statistic                31996.68     using 108 bins, spectrum 2, group 2.
Total fit statistic                         63773.07     with 213 d.o.f.

Test statistic : Chi-Squared                12028.92     using 216 bins.
 Null hypothesis probability of 0.00e+00 with 213 degrees of freedom
 Current data and model not fit yet.

Fit statistic  : C-Statistic                31776.39     using 108 bins, spectrum 1, group 1.
                 C-Statistic                33062.75     using 108 bins, spectrum 2, group 2.
Total fit statistic                         64839.14     with 212 d.o.f.

Test statistic : Chi-Squared                11953.20     using 216 bins.
 Null hypothesis probability of 0.00e+00 with 212 degrees of freedom
 Current data and model not fit yet.

Fit statistic  : C-Statistic                31776.39     using 108 bins, spectrum 1, group 1.
                 C-Statistic                33062.75     using 108 bins, spectrum 2, group 2.
Total fit statistic                         64839.14     with 213 d.o.f.

Test statistic : Chi-Squared                11953.20     using 216 bins.
 Null hypothesis probability of 0.00e+00 with 213 degrees of freedom
 Current data and model not fit yet.

Fit statistic  : C-Statistic                31776.39     using 108 bins, spectrum 1, group 1.
                 C-Statistic                32736.31     using 108 bins, spectrum 2, group 2.
Total fit statistic                         64512.70     with 212 d.o.f.

Test statistic : Chi-Squared                11934.40     using 216 bins.
 Null hypothesis probability of 0.00e+00 with 212 degrees of freedom
 Current data and model not fit yet.

Fit statistic  : C-Statistic                31776.39     using 108 bins, spectrum 1, group 1.
                 C-Statistic                32736.31     using 108 bins, spectrum 2, group 2.
Total fit statistic                         64512.70     with 213 d.o.f.

Test statistic : Chi-Squared                11934.40     using 216 bins.
 Null hypothesis probability of 0.00e+00 with 213 degrees of freedom
 Current data and model not fit yet.

Fit statistic  : C-Statistic                31776.39     using 108 bins, spectrum 1, group 1.
                 C-Statistic                35784.95     using 108 bins, spectrum 2, group 2.
Total fit statistic                         67561.34     with 212 d.o.f.

Test statistic : Chi-Squared                12128.91     using 216 bins.
 Null hypothesis probability of 0.00e+00 with 212 degrees of freedom
 Current data and model not fit yet.

Fit statistic  : C-Statistic                31776.39     using 108 bins, spectrum 1, group 1.
                 C-Statistic                35784.95     using 108 bins, spectrum 2, group 2.
Total fit statistic                         67561.34     with 213 d.o.f.

Test statistic : Chi-Squared                12128.91     using 216 bins.
 Null hypothesis probability of 0.00e+00 with 213 degrees of freedom
 Current data and model not fit yet.

Fit statistic  : C-Statistic                31776.39     using 108 bins, spectrum 1, group 1.
                 C-Statistic                35784.95     using 108 bins, spectrum 2, group 2.
Total fit statistic                         67561.34     with 213 d.o.f.

Test statistic : Chi-Squared                12128.91     using 216 bins.
 Null hypothesis probability of 0.00e+00 with 213 degrees of freedom
 Current data and model not fit yet.

Fit statistic  : C-Statistic                31776.39     using 108 bins, spectrum 1, group 1.
                 C-Statistic                35784.95     using 108 bins, spectrum 2, group 2.
Total fit statistic                         67561.34     with 214 d.o.f.

Test statistic : Chi-Squared                12128.91     using 216 bins.
 Null hypothesis probability of 0.00e+00 with 214 degrees of freedom
 Current data and model not fit yet.

Fit statistic  : C-Statistic                31776.39     using 108 bins, spectrum 1, group 1.
                 C-Statistic                35784.95     using 108 bins, spectrum 2, group 2.
Total fit statistic                         67561.34     with 213 d.o.f.

Test statistic : Chi-Squared                12128.91     using 216 bins.
 Null hypothesis probability of 0.00e+00 with 213 degrees of freedom
 Current data and model not fit yet.

Fit statistic  : C-Statistic                31776.39     using 108 bins, spectrum 1, group 1.
                 C-Statistic                35784.95     using 108 bins, spectrum 2, group 2.
Total fit statistic                         67561.34     with 213 d.o.f.

Test statistic : Chi-Squared                12128.91     using 216 bins.
 Null hypothesis probability of 0.00e+00 with 213 degrees of freedom
 Current data and model not fit yet.
  parameter isothermal_with_pileup:26 is not frozen.

Fit statistic  : C-Statistic                31776.39     using 108 bins, spectrum 1, group 1.
                 C-Statistic                35784.95     using 108 bins, spectrum 2, group 2.
Total fit statistic                         67561.34     with 211 d.o.f.

Test statistic : Chi-Squared                12128.91     using 216 bins.
 Null hypothesis probability of 0.00e+00 with 211 degrees of freedom
 Current data and model not fit yet.

Fit statistic  : C-Statistic                31776.39     using 108 bins, spectrum 1, group 1.
                 C-Statistic                35784.95     using 108 bins, spectrum 2, group 2.
Total fit statistic                         67561.34     with 211 d.o.f.

Test statistic : Chi-Squared                12128.91     using 216 bins.
 Null hypothesis probability of 0.00e+00 with 211 degrees of freedom
 Current data and model not fit yet.

Fit statistic  : C-Statistic                31776.39     using 108 bins, spectrum 1, group 1.
                 C-Statistic                35784.95     using 108 bins, spectrum 2, group 2.
Total fit statistic                         67561.34     with 211 d.o.f.

Test statistic : Chi-Squared                12128.91     using 216 bins.
 Null hypothesis probability of 0.00e+00 with 211 degrees of freedom
 Current data and model not fit yet.

Fit statistic  : C-Statistic                31776.39     using 108 bins, spectrum 1, group 1.
                 C-Statistic                35784.95     using 108 bins, spectrum 2, group 2.
Total fit statistic                         67561.34     with 212 d.o.f.

Test statistic : Chi-Squared                12128.91     using 216 bins.
 Null hypothesis probability of 0.00e+00 with 212 degrees of freedom
 Current data and model not fit yet.

Fit statistic  : C-Statistic                31776.39     using 108 bins, spectrum 1, group 1.
                 C-Statistic                35784.95     using 108 bins, spectrum 2, group 2.
Total fit statistic                         67561.34     with 210 d.o.f.

Test statistic : Chi-Squared                12128.91     using 216 bins.
 Null hypothesis probability of 0.00e+00 with 210 degrees of freedom
 Current data and model not fit yet.

Fit statistic  : C-Statistic                31776.39     using 108 bins, spectrum 1, group 1.
                 C-Statistic                35784.95     using 108 bins, spectrum 2, group 2.
Total fit statistic                         67561.34     with 210 d.o.f.

Test statistic : Chi-Squared                12128.91     using 216 bins.
 Null hypothesis probability of 0.00e+00 with 210 degrees of freedom
 Current data and model not fit yet.

Fit statistic  : C-Statistic                31776.39     using 108 bins, spectrum 1, group 1.
                 C-Statistic                35784.95     using 108 bins, spectrum 2, group 2.
Total fit statistic                         67561.34     with 210 d.o.f.

Test statistic : Chi-Squared                12128.91     using 216 bins.
 Null hypothesis probability of 0.00e+00 with 210 degrees of freedom
 Current data and model not fit yet.

Fit statistic  : C-Statistic                31776.39     using 108 bins, spectrum 1, group 1.
                 C-Statistic                35784.95     using 108 bins, spectrum 2, group 2.
Total fit statistic                         67561.34     with 211 d.o.f.

Test statistic : Chi-Squared                12128.91     using 216 bins.
 Null hypothesis probability of 0.00e+00 with 211 degrees of freedom
 Current data and model not fit yet.

Fit statistic  : C-Statistic                31776.39     using 108 bins, spectrum 1, group 1.
                 C-Statistic                35784.95     using 108 bins, spectrum 2, group 2.
Total fit statistic                         67561.34     with 212 d.o.f.

Test statistic : Chi-Squared                12128.91     using 216 bins.
 Null hypothesis probability of 0.00e+00 with 212 degrees of freedom
 Current data and model not fit yet.

Fit statistic  : C-Statistic                31776.39     using 108 bins, spectrum 1, group 1.
                 C-Statistic                35784.95     using 108 bins, spectrum 2, group 2.
Total fit statistic                         67561.34     with 212 d.o.f.

Test statistic : Chi-Squared                12128.91     using 216 bins.
 Null hypothesis probability of 0.00e+00 with 212 degrees of freedom
 Current data and model not fit yet.
Default fit statistic is set to: C-Statistic
   This will apply to all current and newly loaded spectra.

Fit statistic  : C-Statistic                 31776.4     using 108 bins, spectrum 1, group 1.
                 C-Statistic                 35785.0     using 108 bins, spectrum 2, group 2.
Total fit statistic                          67561.3     with 212 d.o.f.

Test statistic : Chi-Squared                 12128.9     using 216 bins.
 Null hypothesis probability of 0.0e+00 with 212 degrees of freedom
 Current data and model not fit yet.
                                   Parameters
C-Statistic  |beta|/N    Lvl isothermal_wi isothermal_wi isothermal_wi      r1:slope
13328.3      16856.8      -1      0.268492   5.65250e+06       1.49889       1.00000
11097.5      4047.84      -2      0.374380   1.22243e+06      0.723992       1.00000
6250.69      33270.6      -1      0.401021       483833.      0.920868       1.00000
5660.95      994.35       -1      0.431051       225685.      0.929977       1.00000
2655.81      14094.6      -2      0.540328       82070.1      0.977531       1.00000
857.242      6195.37      -3      0.690424       33367.3       1.01135       1.00000
819.062      1643.17      -2      0.761755       20692.4       1.00561       1.00000
451.342      2912.24      -3      0.816420       18731.3       1.00929       1.00000
432.973      602.058      -4      0.831165       18212.7       1.00764       1.00000
432.876      37.3833      -5      0.832744       18141.3       1.00666       1.00000
424.914      98.1088       0      0.833048       18138.2       1.00147      0.994302
418.743      174.475       0      0.834389       18162.8       1.00105      0.992304
417.073      179.488       0      0.834632       18173.8       1.00176      0.991995
416.61       166.813       0      0.834859       18183.5       1.00237      0.991717
416.583      150.166       1      0.834883       18184.5       1.00244      0.991688
==================================================
 Variances and Principal Axes
         isothermal_with_pileup:6isothermal_with_pileup:21isothermal_with_pileup:26       r1  
 5.0505E-06|  0.9899   0.0000   0.1224  -0.0722  
 7.5041E-06|  0.0874  -0.0000  -0.1238   0.9885  
 9.8127E-04| -0.1120  -0.0000   0.9847   0.1332  
 2.9768E+05| -0.0000   1.0000   0.0000   0.0000  
--------------------------------------------------

================================================
  Covariance Matrix
        1           2           3           4   
   7.265e-05  -4.058e+00  -1.387e-04  -3.033e-05
  -4.058e+00   2.977e+05   2.274e+00   1.171e+00
  -1.387e-04   2.274e+00   9.691e-04   1.367e-04
  -3.033e-05   1.171e+00   1.367e-04   2.939e-05
------------------------------------------------

========================================================================
Model isothermal_with_pileup:expmodgauss<1> + constant<2>*vapec<3> Source No.: 1   Active/On
Model Model Component  Parameter  Unit     Value
 par  comp
                           Data group: 1
   1    1   expmodgausslam        ct/keV/s 1.07597      frozen
   2    1   expmodgaussmu         keV      3.05047      frozen
   3    1   expmodgausssigma      keV      0.788498     frozen
   4    1   expmodgaussnorm                0.555425     frozen
   5    2   constant   factor              1.00000      frozen
   6    3   vapec      kT         keV      0.834883     +/-  8.52335E-03  
   7    3   vapec      He                  1.00000      frozen
   8    3   vapec      C                   1.00000      frozen
   9    3   vapec      N                   1.00000      frozen
  10    3   vapec      O                   1.00000      frozen
  11    3   vapec      Ne                  1.00000      frozen
  12    3   vapec      Mg                  1.00000      frozen
  13    3   vapec      Al                  1.00000      frozen
  14    3   vapec      Si                  1.00000      frozen
  15    3   vapec      S                   1.00000      frozen
  16    3   vapec      Ar                  1.00000      frozen
  17    3   vapec      Ca                  1.00000      frozen
  18    3   vapec      Fe                  1.00000      frozen
  19    3   vapec      Ni                  1.00000      frozen
  20    3   vapec      Redshift            0.0          frozen
  21    3   vapec      norm                1.81845E+04  +/-  545.598      
                           Data group: 2
  22    1   expmodgausslam        ct/keV/s 0.929333     frozen
  23    1   expmodgaussmu         keV      3.30333      frozen
  24    1   expmodgausssigma      keV      0.622261     frozen
  25    1   expmodgaussnorm                0.436952     frozen
  26    2   constant   factor              1.00244      +/-  3.11302E-02  
  27    3   vapec      kT         keV      0.834883     = isothermal_with_pileup:p6
  28    3   vapec      He                  1.00000      = isothermal_with_pileup:p7
  29    3   vapec      C                   1.00000      = isothermal_with_pileup:p8
  30    3   vapec      N                   1.00000      = isothermal_with_pileup:p9
  31    3   vapec      O                   1.00000      = isothermal_with_pileup:p10
  32    3   vapec      Ne                  1.00000      = isothermal_with_pileup:p11
  33    3   vapec      Mg                  1.00000      = isothermal_with_pileup:p12
  34    3   vapec      Al                  1.00000      = isothermal_with_pileup:p13
  35    3   vapec      Si                  1.00000      = isothermal_with_pileup:p14
  36    3   vapec      S                   1.00000      = isothermal_with_pileup:p15
  37    3   vapec      Ar                  1.00000      = isothermal_with_pileup:p16
  38    3   vapec      Ca                  1.00000      = isothermal_with_pileup:p17
  39    3   vapec      Fe                  1.00000      = isothermal_with_pileup:p18
  40    3   vapec      Ni                  1.00000      = isothermal_with_pileup:p19
  41    3   vapec      Redshift            0.0          = isothermal_with_pileup:p20
  42    3   vapec      norm                1.81845E+04  = isothermal_with_pileup:p21
________________________________________________________________________


Response Parameters:

========================================================================
Source No.: 1
Rpar Spectrum Rmodel   Rpar_name  Unit   Value

   1     1    gain     slope             0.991688     +/-  5.42081E-03  
   2     1    gain     offset            0.0          frozen
   3     2    gain     slope             0.991688     = p1
   4     2    gain     offset            0.0          = p2
________________________________________________________________________


Fit statistic  : C-Statistic                   231.0     using 108 bins, spectrum 1, group 1.
                 C-Statistic                   185.6     using 108 bins, spectrum 2, group 2.
Total fit statistic                            416.6     with 212 d.o.f.

Test statistic : Chi-Squared                   393.3     using 216 bins.
 Null hypothesis probability of 5.4e-13 with 212 degrees of freedom
 Parameter   Confidence Range (2.706)
                                   Parameters
C-Statistic  |beta|/N    Lvl isothermal_wi isothermal_wi isothermal_wi      r1:slope
415.522      360.558      -3      0.863821       16897.7      0.980868      0.977707
414.99       215.97        0      0.864965       16924.7      0.987699      0.976368
414.951      136.175       1      0.864984       16925.7      0.987836      0.976345
==================================================
 Variances and Principal Axes
         isothermal_with_pileup:6isothermal_with_pileup:21isothermal_with_pileup:26       r1  
 5.4110E-06|  0.9921   0.0000   0.1144   0.0520  
 5.8860E-06| -0.0378  -0.0000  -0.1228   0.9917  
 8.0547E-04| -0.1198  -0.0000   0.9858   0.1175  
 2.0824E+05| -0.0000   1.0000   0.0000   0.0000  
--------------------------------------------------

================================================
  Covariance Matrix
        1           2           3           4   
   6.054e-05  -3.015e+00  -1.045e-04  -2.192e-05
  -3.015e+00   2.082e+05   6.925e-01   7.351e-01
  -1.045e-04   6.925e-01   7.853e-04   9.504e-05
  -2.192e-05   7.351e-01   9.504e-05   1.951e-05
------------------------------------------------

========================================================================
Model isothermal_with_pileup:expmodgauss<1> + constant<2>*vapec<3> Source No.: 1   Active/On
Model Model Component  Parameter  Unit     Value
 par  comp
                           Data group: 1
   1    1   expmodgausslam        ct/keV/s 1.07597      frozen
   2    1   expmodgaussmu         keV      3.05047      frozen
   3    1   expmodgausssigma      keV      0.788498     frozen
   4    1   expmodgaussnorm                0.555425     frozen
   5    2   constant   factor              1.00000      frozen
   6    3   vapec      kT         keV      0.864984     +/-  7.78088E-03  
   7    3   vapec      He                  1.00000      frozen
   8    3   vapec      C                   1.00000      frozen
   9    3   vapec      N                   1.00000      frozen
  10    3   vapec      O                   1.00000      frozen
  11    3   vapec      Ne                  1.00000      frozen
  12    3   vapec      Mg                  1.00000      frozen
  13    3   vapec      Al                  1.00000      frozen
  14    3   vapec      Si                  1.00000      frozen
  15    3   vapec      S                   1.00000      frozen
  16    3   vapec      Ar                  1.00000      frozen
  17    3   vapec      Ca                  1.00000      frozen
  18    3   vapec      Fe                  1.00000      frozen
  19    3   vapec      Ni                  1.00000      frozen
  20    3   vapec      Redshift            0.0          frozen
  21    3   vapec      norm                1.69257E+04  +/-  456.329      
                           Data group: 2
  22    1   expmodgausslam        ct/keV/s 0.929333     frozen
  23    1   expmodgaussmu         keV      3.30333      frozen
  24    1   expmodgausssigma      keV      0.622261     frozen
  25    1   expmodgaussnorm                0.436952     frozen
  26    2   constant   factor              0.987836     +/-  2.80223E-02  
  27    3   vapec      kT         keV      0.864984     = isothermal_with_pileup:p6
  28    3   vapec      He                  1.00000      = isothermal_with_pileup:p7
  29    3   vapec      C                   1.00000      = isothermal_with_pileup:p8
  30    3   vapec      N                   1.00000      = isothermal_with_pileup:p9
  31    3   vapec      O                   1.00000      = isothermal_with_pileup:p10
  32    3   vapec      Ne                  1.00000      = isothermal_with_pileup:p11
  33    3   vapec      Mg                  1.00000      = isothermal_with_pileup:p12
  34    3   vapec      Al                  1.00000      = isothermal_with_pileup:p13
  35    3   vapec      Si                  1.00000      = isothermal_with_pileup:p14
  36    3   vapec      S                   1.00000      = isothermal_with_pileup:p15
  37    3   vapec      Ar                  1.00000      = isothermal_with_pileup:p16
  38    3   vapec      Ca                  1.00000      = isothermal_with_pileup:p17
  39    3   vapec      Fe                  1.00000      = isothermal_with_pileup:p18
  40    3   vapec      Ni                  1.00000      = isothermal_with_pileup:p19
  41    3   vapec      Redshift            0.0          = isothermal_with_pileup:p20
  42    3   vapec      norm                1.69257E+04  = isothermal_with_pileup:p21
________________________________________________________________________


Response Parameters:

========================================================================
Source No.: 1
Rpar Spectrum Rmodel   Rpar_name  Unit   Value

   1     1    gain     slope             0.976345     +/-  4.41752E-03  
   2     1    gain     offset            0.0          frozen
   3     2    gain     slope             0.976345     = p1
   4     2    gain     offset            0.0          = p2
________________________________________________________________________


Fit statistic  : C-Statistic                   223.7     using 108 bins, spectrum 1, group 1.
                 C-Statistic                   191.2     using 108 bins, spectrum 2, group 2.
Total fit statistic                            415.0     with 212 d.o.f.

Test statistic : Chi-Squared                   393.7     using 216 bins.
 Null hypothesis probability of 4.9e-13 with 212 degrees of freedom
***Warning: New best fit found, fit parameters will be set to new values.
Apparent non-monotonicity in statistic space detected.
Current bracket values 0.853346, 0.853277
and delta stat 2.21138, 2.92707
but latest trial 0.853277 gives 2.92707
Suggest that you check this result using the steppar command.
                                   Parameters
C-Statistic  |beta|/N    Lvl isothermal_wi isothermal_wi isothermal_wi      r1:slope
422.937      182.788       0      0.877956       16315.2      0.984902      0.971433
422.849      151.513       1      0.877974       16316.7      0.985093      0.971404
==================================================
 Variances and Principal Axes
         isothermal_with_pileup:6isothermal_with_pileup:21isothermal_with_pileup:26       r1  
 5.6133E-06|  0.9495   0.0000   0.0831   0.3026  
 5.9405E-06| -0.2882  -0.0000  -0.1501   0.9457  
 8.0183E-04| -0.1240  -0.0000   0.9852   0.1186  
 1.8282E+05| -0.0000   1.0000   0.0000   0.0000  
--------------------------------------------------

================================================
  Covariance Matrix
        1           2           3           4   
   5.977e-05  -2.767e+00  -1.020e-04  -2.132e-05
  -2.767e+00   1.828e+05   3.134e-01   6.290e-01
  -1.020e-04   3.134e-01   7.789e-04   9.403e-05
  -2.132e-05   6.290e-01   9.403e-05   1.926e-05
------------------------------------------------

========================================================================
Model isothermal_with_pileup:expmodgauss<1> + constant<2>*vapec<3> Source No.: 1   Active/On
Model Model Component  Parameter  Unit     Value
 par  comp
                           Data group: 1
   1    1   expmodgausslam        ct/keV/s 1.07597      frozen
   2    1   expmodgaussmu         keV      3.05047      frozen
   3    1   expmodgausssigma      keV      0.788498     frozen
   4    1   expmodgaussnorm                0.555425     frozen
   5    2   constant   factor              1.00000      frozen
   6    3   vapec      kT         keV      0.877974     +/-  7.73116E-03  
   7    3   vapec      He                  1.00000      frozen
   8    3   vapec      C                   1.00000      frozen
   9    3   vapec      N                   1.00000      frozen
  10    3   vapec      O                   1.00000      frozen
  11    3   vapec      Ne                  1.00000      frozen
  12    3   vapec      Mg                  1.00000      frozen
  13    3   vapec      Al                  1.00000      frozen
  14    3   vapec      Si                  1.00000      frozen
  15    3   vapec      S                   1.00000      frozen
  16    3   vapec      Ar                  1.00000      frozen
  17    3   vapec      Ca                  1.00000      frozen
  18    3   vapec      Fe                  1.00000      frozen
  19    3   vapec      Ni                  1.00000      frozen
  20    3   vapec      Redshift            0.0          frozen
  21    3   vapec      norm                1.63167E+04  +/-  427.577      
                           Data group: 2
  22    1   expmodgausslam        ct/keV/s 0.929333     frozen
  23    1   expmodgaussmu         keV      3.30333      frozen
  24    1   expmodgausssigma      keV      0.622261     frozen
  25    1   expmodgaussnorm                0.436952     frozen
  26    2   constant   factor              0.985093     +/-  2.79094E-02  
  27    3   vapec      kT         keV      0.877974     = isothermal_with_pileup:p6
  28    3   vapec      He                  1.00000      = isothermal_with_pileup:p7
  29    3   vapec      C                   1.00000      = isothermal_with_pileup:p8
  30    3   vapec      N                   1.00000      = isothermal_with_pileup:p9
  31    3   vapec      O                   1.00000      = isothermal_with_pileup:p10
  32    3   vapec      Ne                  1.00000      = isothermal_with_pileup:p11
  33    3   vapec      Mg                  1.00000      = isothermal_with_pileup:p12
  34    3   vapec      Al                  1.00000      = isothermal_with_pileup:p13
  35    3   vapec      Si                  1.00000      = isothermal_with_pileup:p14
  36    3   vapec      S                   1.00000      = isothermal_with_pileup:p15
  37    3   vapec      Ar                  1.00000      = isothermal_with_pileup:p16
  38    3   vapec      Ca                  1.00000      = isothermal_with_pileup:p17
  39    3   vapec      Fe                  1.00000      = isothermal_with_pileup:p18
  40    3   vapec      Ni                  1.00000      = isothermal_with_pileup:p19
  41    3   vapec      Redshift            0.0          = isothermal_with_pileup:p20
  42    3   vapec      norm                1.63167E+04  = isothermal_with_pileup:p21
________________________________________________________________________


Response Parameters:

========================================================================
Source No.: 1
Rpar Spectrum Rmodel   Rpar_name  Unit   Value

   1     1    gain     slope             0.971404     +/-  4.38881E-03  
   2     1    gain     offset            0.0          frozen
   3     2    gain     slope             0.971404     = p1
   4     2    gain     offset            0.0          = p2
________________________________________________________________________


Fit statistic  : C-Statistic                   221.3     using 108 bins, spectrum 1, group 1.
                 C-Statistic                   201.6     using 108 bins, spectrum 2, group 2.
Total fit statistic                            422.8     with 212 d.o.f.

Test statistic : Chi-Squared                   406.2     using 216 bins.
 Null hypothesis probability of 2.4e-14 with 212 degrees of freedom
***Warning: New best fit found, fit parameters will be set to new values.
Apparent non-monotonicity in statistic space detected.
Current bracket values 0.854053, 0.852539
and delta stat 2.38138, 3.42188
but latest trial 0.853437 gives 2.35401
Suggest that you check this result using the steppar command.
                                   Parameters
C-Statistic  |beta|/N    Lvl isothermal_wi isothermal_wi isothermal_wi      r1:slope
425.794      132.566      -3      0.875428       16417.5       1.02719      0.970952
424.493      112.744      -4      0.875989       16457.6       1.00426      0.970585
424.493      20.6637       4      0.875989       16457.6       1.00426      0.970585
==================================================
 Variances and Principal Axes
         isothermal_with_pileup:6isothermal_with_pileup:21isothermal_with_pileup:26       r1  
 5.4693E-06|  0.9602   0.0000   0.0861   0.2658  
 5.9035E-06| -0.2521  -0.0000  -0.1432   0.9571  
 8.1969E-04| -0.1204  -0.0000   0.9859   0.1158  
 1.8192E+05| -0.0000   1.0000   0.0000   0.0000  
--------------------------------------------------

================================================
  Covariance Matrix
        1           2           3           4   
   5.696e-05  -2.686e+00  -1.008e-04  -2.069e-05
  -2.686e+00   1.819e+05   2.790e-01   6.250e-01
  -1.008e-04   2.790e-01   7.974e-04   9.384e-05
  -2.069e-05   6.250e-01   9.384e-05   1.893e-05
------------------------------------------------

========================================================================
Model isothermal_with_pileup:expmodgauss<1> + constant<2>*vapec<3> Source No.: 1   Active/On
Model Model Component  Parameter  Unit     Value
 par  comp
                           Data group: 1
   1    1   expmodgausslam        ct/keV/s 1.07597      frozen
   2    1   expmodgaussmu         keV      3.05047      frozen
   3    1   expmodgausssigma      keV      0.788498     frozen
   4    1   expmodgaussnorm                0.555425     frozen
   5    2   constant   factor              1.00000      frozen
   6    3   vapec      kT         keV      0.875989     +/-  7.54724E-03  
   7    3   vapec      He                  1.00000      frozen
   8    3   vapec      C                   1.00000      frozen
   9    3   vapec      N                   1.00000      frozen
  10    3   vapec      O                   1.00000      frozen
  11    3   vapec      Ne                  1.00000      frozen
  12    3   vapec      Mg                  1.00000      frozen
  13    3   vapec      Al                  1.00000      frozen
  14    3   vapec      Si                  1.00000      frozen
  15    3   vapec      S                   1.00000      frozen
  16    3   vapec      Ar                  1.00000      frozen
  17    3   vapec      Ca                  1.00000      frozen
  18    3   vapec      Fe                  1.00000      frozen
  19    3   vapec      Ni                  1.00000      frozen
  20    3   vapec      Redshift            0.0          frozen
  21    3   vapec      norm                1.64576E+04  +/-  426.515      
                           Data group: 2
  22    1   expmodgausslam        ct/keV/s 0.929333     frozen
  23    1   expmodgaussmu         keV      3.30333      frozen
  24    1   expmodgausssigma      keV      0.622261     frozen
  25    1   expmodgaussnorm                0.436952     frozen
  26    2   constant   factor              1.00426      +/-  2.82384E-02  
  27    3   vapec      kT         keV      0.875989     = isothermal_with_pileup:p6
  28    3   vapec      He                  1.00000      = isothermal_with_pileup:p7
  29    3   vapec      C                   1.00000      = isothermal_with_pileup:p8
  30    3   vapec      N                   1.00000      = isothermal_with_pileup:p9
  31    3   vapec      O                   1.00000      = isothermal_with_pileup:p10
  32    3   vapec      Ne                  1.00000      = isothermal_with_pileup:p11
  33    3   vapec      Mg                  1.00000      = isothermal_with_pileup:p12
  34    3   vapec      Al                  1.00000      = isothermal_with_pileup:p13
  35    3   vapec      Si                  1.00000      = isothermal_with_pileup:p14
  36    3   vapec      S                   1.00000      = isothermal_with_pileup:p15
  37    3   vapec      Ar                  1.00000      = isothermal_with_pileup:p16
  38    3   vapec      Ca                  1.00000      = isothermal_with_pileup:p17
  39    3   vapec      Fe                  1.00000      = isothermal_with_pileup:p18
  40    3   vapec      Ni                  1.00000      = isothermal_with_pileup:p19
  41    3   vapec      Redshift            0.0          = isothermal_with_pileup:p20
  42    3   vapec      norm                1.64576E+04  = isothermal_with_pileup:p21
________________________________________________________________________


Response Parameters:

========================================================================
Source No.: 1
Rpar Spectrum Rmodel   Rpar_name  Unit   Value

   1     1    gain     slope             0.970585     +/-  4.35055E-03  
   2     1    gain     offset            0.0          frozen
   3     2    gain     slope             0.970585     = p1
   4     2    gain     offset            0.0          = p2
________________________________________________________________________


Fit statistic  : C-Statistic                   223.8     using 108 bins, spectrum 1, group 1.
                 C-Statistic                   200.7     using 108 bins, spectrum 2, group 2.
Total fit statistic                            424.5     with 212 d.o.f.

Test statistic : Chi-Squared                   409.9     using 216 bins.
 Null hypothesis probability of 9.7e-15 with 212 degrees of freedom
***Warning: New best fit found, fit parameters will be set to new values.
                                   Parameters
C-Statistic  |beta|/N    Lvl isothermal_wi isothermal_wi isothermal_wi      r1:slope
425.326      80.9863      -3      0.875149       16440.5       1.02477      0.971018
424.326      100.756      -4      0.875788       16467.3       1.00444      0.970689
424.314      20.3508       0      0.875814       16469.2       1.00463      0.970663
==================================================
 Variances and Principal Axes
         isothermal_with_pileup:6isothermal_with_pileup:21isothermal_with_pileup:26       r1  
 5.4672E-06|  0.9692   0.0000   0.0911   0.2286  
 5.9382E-06| -0.2148  -0.0000  -0.1403   0.9665  
 8.2622E-04| -0.1201  -0.0000   0.9859   0.1164  
 1.8219E+05| -0.0000   1.0000   0.0000   0.0000  
--------------------------------------------------

================================================
  Covariance Matrix
        1           2           3           4   
   5.706e-05  -2.690e+00  -1.019e-04  -2.096e-05
  -2.690e+00   1.822e+05   3.208e-01   6.351e-01
  -1.019e-04   3.208e-01   8.038e-04   9.526e-05
  -2.096e-05   6.351e-01   9.526e-05   1.925e-05
------------------------------------------------

========================================================================
Model isothermal_with_pileup:expmodgauss<1> + constant<2>*vapec<3> Source No.: 1   Active/On
Model Model Component  Parameter  Unit     Value
 par  comp
                           Data group: 1
   1    1   expmodgausslam        ct/keV/s 1.07597      frozen
   2    1   expmodgaussmu         keV      3.05047      frozen
   3    1   expmodgausssigma      keV      0.788498     frozen
   4    1   expmodgaussnorm                0.555425     frozen
   5    2   constant   factor              1.00000      frozen
   6    3   vapec      kT         keV      0.875814     +/-  7.55351E-03  
   7    3   vapec      He                  1.00000      frozen
   8    3   vapec      C                   1.00000      frozen
   9    3   vapec      N                   1.00000      frozen
  10    3   vapec      O                   1.00000      frozen
  11    3   vapec      Ne                  1.00000      frozen
  12    3   vapec      Mg                  1.00000      frozen
  13    3   vapec      Al                  1.00000      frozen
  14    3   vapec      Si                  1.00000      frozen
  15    3   vapec      S                   1.00000      frozen
  16    3   vapec      Ar                  1.00000      frozen
  17    3   vapec      Ca                  1.00000      frozen
  18    3   vapec      Fe                  1.00000      frozen
  19    3   vapec      Ni                  1.00000      frozen
  20    3   vapec      Redshift            0.0          frozen
  21    3   vapec      norm                1.64692E+04  +/-  426.839      
                           Data group: 2
  22    1   expmodgausslam        ct/keV/s 0.929333     frozen
  23    1   expmodgaussmu         keV      3.30333      frozen
  24    1   expmodgausssigma      keV      0.622261     frozen
  25    1   expmodgaussnorm                0.436952     frozen
  26    2   constant   factor              1.00463      +/-  2.83519E-02  
  27    3   vapec      kT         keV      0.875814     = isothermal_with_pileup:p6
  28    3   vapec      He                  1.00000      = isothermal_with_pileup:p7
  29    3   vapec      C                   1.00000      = isothermal_with_pileup:p8
  30    3   vapec      N                   1.00000      = isothermal_with_pileup:p9
  31    3   vapec      O                   1.00000      = isothermal_with_pileup:p10
  32    3   vapec      Ne                  1.00000      = isothermal_with_pileup:p11
  33    3   vapec      Mg                  1.00000      = isothermal_with_pileup:p12
  34    3   vapec      Al                  1.00000      = isothermal_with_pileup:p13
  35    3   vapec      Si                  1.00000      = isothermal_with_pileup:p14
  36    3   vapec      S                   1.00000      = isothermal_with_pileup:p15
  37    3   vapec      Ar                  1.00000      = isothermal_with_pileup:p16
  38    3   vapec      Ca                  1.00000      = isothermal_with_pileup:p17
  39    3   vapec      Fe                  1.00000      = isothermal_with_pileup:p18
  40    3   vapec      Ni                  1.00000      = isothermal_with_pileup:p19
  41    3   vapec      Redshift            0.0          = isothermal_with_pileup:p20
  42    3   vapec      norm                1.64692E+04  = isothermal_with_pileup:p21
________________________________________________________________________


Response Parameters:

========================================================================
Source No.: 1
Rpar Spectrum Rmodel   Rpar_name  Unit   Value

   1     1    gain     slope             0.970663     +/-  4.38691E-03  
   2     1    gain     offset            0.0          frozen
   3     2    gain     slope             0.970663     = p1
   4     2    gain     offset            0.0          = p2
________________________________________________________________________


Fit statistic  : C-Statistic                   223.7     using 108 bins, spectrum 1, group 1.
                 C-Statistic                   200.6     using 108 bins, spectrum 2, group 2.
Total fit statistic                            424.3     with 212 d.o.f.

Test statistic : Chi-Squared                   410.1     using 216 bins.
 Null hypothesis probability of 9.3e-15 with 212 degrees of freedom
***Warning: New best fit found, fit parameters will be set to new values.
                                   Parameters
C-Statistic  |beta|/N    Lvl isothermal_wi isothermal_wi isothermal_wi      r1:slope
421.776      32.3034      -3      0.874749       16485.8       1.01867      0.971356
421.377      79.8338      -1      0.875187       16455.2       1.00697      0.971167
421.369      9.86754      -1      0.875515       16450.9       1.00612      0.971150
==================================================
 Variances and Principal Axes
         isothermal_with_pileup:6isothermal_with_pileup:21isothermal_with_pileup:26       r1  
 5.4461E-06|  0.9703   0.0000   0.0912   0.2240  
 5.9678E-06| -0.2102  -0.0000  -0.1403   0.9675  
 8.4381E-04| -0.1197  -0.0000   0.9859   0.1170  
 1.7989E+05| -0.0000   1.0000   0.0000   0.0000  
--------------------------------------------------

================================================
  Covariance Matrix
        1           2           3           4   
   5.640e-05  -2.646e+00  -1.028e-04  -2.097e-05
  -2.646e+00   1.799e+05   2.676e-01   6.208e-01
  -1.028e-04   2.676e-01   8.207e-04   9.753e-05
  -2.097e-05   6.208e-01   9.753e-05   1.955e-05
------------------------------------------------

========================================================================
Model isothermal_with_pileup:expmodgauss<1> + constant<2>*vapec<3> Source No.: 1   Active/On
Model Model Component  Parameter  Unit     Value
 par  comp
                           Data group: 1
   1    1   expmodgausslam        ct/keV/s 1.07597      frozen
   2    1   expmodgaussmu         keV      3.05047      frozen
   3    1   expmodgausssigma      keV      0.788498     frozen
   4    1   expmodgaussnorm                0.555425     frozen
   5    2   constant   factor              1.00000      frozen
   6    3   vapec      kT         keV      0.875515     +/-  7.50980E-03  
   7    3   vapec      He                  1.00000      frozen
   8    3   vapec      C                   1.00000      frozen
   9    3   vapec      N                   1.00000      frozen
  10    3   vapec      O                   1.00000      frozen
  11    3   vapec      Ne                  1.00000      frozen
  12    3   vapec      Mg                  1.00000      frozen
  13    3   vapec      Al                  1.00000      frozen
  14    3   vapec      Si                  1.00000      frozen
  15    3   vapec      S                   1.00000      frozen
  16    3   vapec      Ar                  1.00000      frozen
  17    3   vapec      Ca                  1.00000      frozen
  18    3   vapec      Fe                  1.00000      frozen
  19    3   vapec      Ni                  1.00000      frozen
  20    3   vapec      Redshift            0.0          frozen
  21    3   vapec      norm                1.64509E+04  +/-  424.140      
                           Data group: 2
  22    1   expmodgausslam        ct/keV/s 0.929333     frozen
  23    1   expmodgaussmu         keV      3.30333      frozen
  24    1   expmodgausssigma      keV      0.622261     frozen
  25    1   expmodgaussnorm                0.436952     frozen
  26    2   constant   factor              1.00612      +/-  2.86485E-02  
  27    3   vapec      kT         keV      0.875515     = isothermal_with_pileup:p6
  28    3   vapec      He                  1.00000      = isothermal_with_pileup:p7
  29    3   vapec      C                   1.00000      = isothermal_with_pileup:p8
  30    3   vapec      N                   1.00000      = isothermal_with_pileup:p9
  31    3   vapec      O                   1.00000      = isothermal_with_pileup:p10
  32    3   vapec      Ne                  1.00000      = isothermal_with_pileup:p11
  33    3   vapec      Mg                  1.00000      = isothermal_with_pileup:p12
  34    3   vapec      Al                  1.00000      = isothermal_with_pileup:p13
  35    3   vapec      Si                  1.00000      = isothermal_with_pileup:p14
  36    3   vapec      S                   1.00000      = isothermal_with_pileup:p15
  37    3   vapec      Ar                  1.00000      = isothermal_with_pileup:p16
  38    3   vapec      Ca                  1.00000      = isothermal_with_pileup:p17
  39    3   vapec      Fe                  1.00000      = isothermal_with_pileup:p18
  40    3   vapec      Ni                  1.00000      = isothermal_with_pileup:p19
  41    3   vapec      Redshift            0.0          = isothermal_with_pileup:p20
  42    3   vapec      norm                1.64509E+04  = isothermal_with_pileup:p21
________________________________________________________________________


Response Parameters:

========================================================================
Source No.: 1
Rpar Spectrum Rmodel   Rpar_name  Unit   Value

   1     1    gain     slope             0.971150     +/-  4.42123E-03  
   2     1    gain     offset            0.0          frozen
   3     2    gain     slope             0.971150     = p1
   4     2    gain     offset            0.0          = p2
________________________________________________________________________


Fit statistic  : C-Statistic                   222.6     using 108 bins, spectrum 1, group 1.
                 C-Statistic                   198.8     using 108 bins, spectrum 2, group 2.
Total fit statistic                            421.4     with 212 d.o.f.

Test statistic : Chi-Squared                   407.8     using 216 bins.
 Null hypothesis probability of 1.6e-14 with 212 degrees of freedom
***Warning: New best fit found, fit parameters will be set to new values.
Apparent non-monotonicity in statistic space detected.
Current bracket values 0.863569, 0.858952
and delta stat 2.37625, 3.85491
but latest trial 0.86245 gives 5.18371
Suggest that you check this result using the steppar command.
Apparent non-monotonicity in statistic space detected.
Current bracket values 0.891483, 0.891495
and delta stat 2.62054, 2.83187
but latest trial 0.891483 gives 2.62054
Suggest that you check this result using the steppar command.
     6     0.861261     0.891489    (-0.014263,0.0159658)
***Warning:  *** 3 point fit failed during interpolation *** 
Lower bound error calculation is invalid.
                                   Parameters
C-Statistic  |beta|/N    Lvl isothermal_wi isothermal_wi isothermal_wi      r1:slope
416.544      28.0126      -1      0.856726       17403.5      0.997932      0.977249
416.539      60.449        1      0.856739       17403.6      0.997972      0.977246
==================================================
 Variances and Principal Axes
         isothermal_with_pileup:6isothermal_with_pileup:21isothermal_with_pileup:26       r1  
 5.5961E-06|  0.9645   0.0000   0.1446  -0.2210  
 6.1110E-06|  0.2348   0.0000  -0.0863   0.9682  
 8.7342E-04| -0.1209  -0.0000   0.9857   0.1172  
 2.9032E+05| -0.0000   1.0000   0.0000   0.0000  
--------------------------------------------------

================================================
  Covariance Matrix
        1           2           3           4   
   8.501e-05  -4.401e+00  -1.395e-04  -2.870e-05
  -4.401e+00   2.903e+05   2.382e+00   1.090e+00
  -1.395e-04   2.382e+00   8.684e-04   1.092e-04
  -2.870e-05   1.090e+00   1.092e-04   2.209e-05
------------------------------------------------

========================================================================
Model isothermal_with_pileup:expmodgauss<1> + constant<2>*vapec<3> Source No.: 1   Active/On
Model Model Component  Parameter  Unit     Value
 par  comp
                           Data group: 1
   1    1   expmodgausslam        ct/keV/s 1.07597      frozen
   2    1   expmodgaussmu         keV      3.05047      frozen
   3    1   expmodgausssigma      keV      0.788498     frozen
   4    1   expmodgaussnorm                0.555425     frozen
   5    2   constant   factor              1.00000      frozen
   6    3   vapec      kT         keV      0.856739     +/-  9.22025E-03  
   7    3   vapec      He                  1.00000      frozen
   8    3   vapec      C                   1.00000      frozen
   9    3   vapec      N                   1.00000      frozen
  10    3   vapec      O                   1.00000      frozen
  11    3   vapec      Ne                  1.00000      frozen
  12    3   vapec      Mg                  1.00000      frozen
  13    3   vapec      Al                  1.00000      frozen
  14    3   vapec      Si                  1.00000      frozen
  15    3   vapec      S                   1.00000      frozen
  16    3   vapec      Ar                  1.00000      frozen
  17    3   vapec      Ca                  1.00000      frozen
  18    3   vapec      Fe                  1.00000      frozen
  19    3   vapec      Ni                  1.00000      frozen
  20    3   vapec      Redshift            0.0          frozen
  21    3   vapec      norm                1.74036E+04  +/-  538.817      
                           Data group: 2
  22    1   expmodgausslam        ct/keV/s 0.929333     frozen
  23    1   expmodgaussmu         keV      3.30333      frozen
  24    1   expmodgausssigma      keV      0.622261     frozen
  25    1   expmodgaussnorm                0.436952     frozen
  26    2   constant   factor              0.997972     +/-  2.94680E-02  
  27    3   vapec      kT         keV      0.856739     = isothermal_with_pileup:p6
  28    3   vapec      He                  1.00000      = isothermal_with_pileup:p7
  29    3   vapec      C                   1.00000      = isothermal_with_pileup:p8
  30    3   vapec      N                   1.00000      = isothermal_with_pileup:p9
  31    3   vapec      O                   1.00000      = isothermal_with_pileup:p10
  32    3   vapec      Ne                  1.00000      = isothermal_with_pileup:p11
  33    3   vapec      Mg                  1.00000      = isothermal_with_pileup:p12
  34    3   vapec      Al                  1.00000      = isothermal_with_pileup:p13
  35    3   vapec      Si                  1.00000      = isothermal_with_pileup:p14
  36    3   vapec      S                   1.00000      = isothermal_with_pileup:p15
  37    3   vapec      Ar                  1.00000      = isothermal_with_pileup:p16
  38    3   vapec      Ca                  1.00000      = isothermal_with_pileup:p17
  39    3   vapec      Fe                  1.00000      = isothermal_with_pileup:p18
  40    3   vapec      Ni                  1.00000      = isothermal_with_pileup:p19
  41    3   vapec      Redshift            0.0          = isothermal_with_pileup:p20
  42    3   vapec      norm                1.74036E+04  = isothermal_with_pileup:p21
________________________________________________________________________


Response Parameters:

========================================================================
Source No.: 1
Rpar Spectrum Rmodel   Rpar_name  Unit   Value

   1     1    gain     slope             0.977246     +/-  4.69997E-03  
   2     1    gain     offset            0.0          frozen
   3     2    gain     slope             0.977246     = p1
   4     2    gain     offset            0.0          = p2
________________________________________________________________________


Fit statistic  : C-Statistic                   227.3     using 108 bins, spectrum 1, group 1.
                 C-Statistic                   189.3     using 108 bins, spectrum 2, group 2.
Total fit statistic                            416.5     with 212 d.o.f.

Test statistic : Chi-Squared                   391.0     using 216 bins.
 Null hypothesis probability of 9.1e-13 with 212 degrees of freedom
***Warning: New best fit found, fit parameters will be set to new values.
                                   Parameters
C-Statistic  |beta|/N    Lvl isothermal_wi isothermal_wi isothermal_wi      r1:slope
420.025      156.958       2      0.871916       16585.1      0.988114      0.973620
==================================================
 Variances and Principal Axes
         isothermal_with_pileup:6isothermal_with_pileup:21isothermal_with_pileup:26       r1  
 5.3385E-06|  0.9900   0.0000   0.1082   0.0910  
 6.2361E-06| -0.0762  -0.0000  -0.1341   0.9880  
 8.7104E-04| -0.1191  -0.0000   0.9850   0.1245  
 1.7917E+05| -0.0000   1.0000   0.0000   0.0000  
--------------------------------------------------

================================================
  Covariance Matrix
        1           2           3           4   
   5.529e-05  -2.598e+00  -1.085e-04  -2.271e-05
  -2.598e+00   1.792e+05   4.752e-01   6.755e-01
  -1.085e-04   4.752e-01   8.466e-04   1.079e-04
  -2.271e-05   6.755e-01   1.079e-04   2.219e-05
------------------------------------------------

========================================================================
Model isothermal_with_pileup:expmodgauss<1> + constant<2>*vapec<3> Source No.: 1   Active/On
Model Model Component  Parameter  Unit     Value
 par  comp
                           Data group: 1
   1    1   expmodgausslam        ct/keV/s 1.07597      frozen
   2    1   expmodgaussmu         keV      3.05047      frozen
   3    1   expmodgausssigma      keV      0.788498     frozen
   4    1   expmodgaussnorm                0.555425     frozen
   5    2   constant   factor              1.00000      frozen
   6    3   vapec      kT         keV      0.871916     +/-  7.43576E-03  
   7    3   vapec      He                  1.00000      frozen
   8    3   vapec      C                   1.00000      frozen
   9    3   vapec      N                   1.00000      frozen
  10    3   vapec      O                   1.00000      frozen
  11    3   vapec      Ne                  1.00000      frozen
  12    3   vapec      Mg                  1.00000      frozen
  13    3   vapec      Al                  1.00000      frozen
  14    3   vapec      Si                  1.00000      frozen
  15    3   vapec      S                   1.00000      frozen
  16    3   vapec      Ar                  1.00000      frozen
  17    3   vapec      Ca                  1.00000      frozen
  18    3   vapec      Fe                  1.00000      frozen
  19    3   vapec      Ni                  1.00000      frozen
  20    3   vapec      Redshift            0.0          frozen
  21    3   vapec      norm                1.65851E+04  +/-  423.284      
                           Data group: 2
  22    1   expmodgausslam        ct/keV/s 0.929333     frozen
  23    1   expmodgaussmu         keV      3.30333      frozen
  24    1   expmodgausssigma      keV      0.622261     frozen
  25    1   expmodgaussnorm                0.436952     frozen
  26    2   constant   factor              0.988114     +/-  2.90965E-02  
  27    3   vapec      kT         keV      0.871916     = isothermal_with_pileup:p6
  28    3   vapec      He                  1.00000      = isothermal_with_pileup:p7
  29    3   vapec      C                   1.00000      = isothermal_with_pileup:p8
  30    3   vapec      N                   1.00000      = isothermal_with_pileup:p9
  31    3   vapec      O                   1.00000      = isothermal_with_pileup:p10
  32    3   vapec      Ne                  1.00000      = isothermal_with_pileup:p11
  33    3   vapec      Mg                  1.00000      = isothermal_with_pileup:p12
  34    3   vapec      Al                  1.00000      = isothermal_with_pileup:p13
  35    3   vapec      Si                  1.00000      = isothermal_with_pileup:p14
  36    3   vapec      S                   1.00000      = isothermal_with_pileup:p15
  37    3   vapec      Ar                  1.00000      = isothermal_with_pileup:p16
  38    3   vapec      Ca                  1.00000      = isothermal_with_pileup:p17
  39    3   vapec      Fe                  1.00000      = isothermal_with_pileup:p18
  40    3   vapec      Ni                  1.00000      = isothermal_with_pileup:p19
  41    3   vapec      Redshift            0.0          = isothermal_with_pileup:p20
  42    3   vapec      norm                1.65851E+04  = isothermal_with_pileup:p21
________________________________________________________________________


Response Parameters:

========================================================================
Source No.: 1
Rpar Spectrum Rmodel   Rpar_name  Unit   Value

   1     1    gain     slope             0.973620     +/-  4.71062E-03  
   2     1    gain     offset            0.0          frozen
   3     2    gain     slope             0.973620     = p1
   4     2    gain     offset            0.0          = p2
________________________________________________________________________


Fit statistic  : C-Statistic                   221.6     using 108 bins, spectrum 1, group 1.
                 C-Statistic                   198.5     using 108 bins, spectrum 2, group 2.
Total fit statistic                            420.0     with 212 d.o.f.

Test statistic : Chi-Squared                   399.5     using 216 bins.
 Null hypothesis probability of 1.2e-13 with 212 degrees of freedom
***Warning: New best fit found, fit parameters will be set to new values.
Apparent non-monotonicity in statistic space detected.
Current bracket values 0.854483, 0.853821
and delta stat 2.48326, 2.75287
but latest trial 0.853936 gives 2.4308
Suggest that you check this result using the steppar command.
                                   Parameters
C-Statistic  |beta|/N    Lvl isothermal_wi isothermal_wi isothermal_wi      r1:slope
424.756      174.298      -3      0.875379       16443.9       1.02112      0.970979
424.228      84.3039      -4      0.875692       16470.8       1.00488      0.970741
424.196      17.569        0      0.875768       16476.8       1.00538      0.970641
==================================================
 Variances and Principal Axes
         isothermal_with_pileup:6isothermal_with_pileup:21isothermal_with_pileup:26       r1  
 5.4643E-06|  0.9698   0.0000   0.0914   0.2261  
 5.9410E-06| -0.2122  -0.0000  -0.1401   0.9671  
 8.2759E-04| -0.1200  -0.0000   0.9859   0.1164  
 1.8216E+05| -0.0000   1.0000   0.0000   0.0000  
--------------------------------------------------

================================================
  Covariance Matrix
        1           2           3           4   
   5.700e-05  -2.688e+00  -1.020e-04  -2.097e-05
  -2.688e+00   1.822e+05   3.216e-01   6.356e-01
  -1.020e-04   3.216e-01   8.052e-04   9.543e-05
  -2.097e-05   6.356e-01   9.543e-05   1.927e-05
------------------------------------------------

========================================================================
Model isothermal_with_pileup:expmodgauss<1> + constant<2>*vapec<3> Source No.: 1   Active/On
Model Model Component  Parameter  Unit     Value
 par  comp
                           Data group: 1
   1    1   expmodgausslam        ct/keV/s 1.07597      frozen
   2    1   expmodgaussmu         keV      3.05047      frozen
   3    1   expmodgausssigma      keV      0.788498     frozen
   4    1   expmodgaussnorm                0.555425     frozen
   5    2   constant   factor              1.00000      frozen
   6    3   vapec      kT         keV      0.875768     +/-  7.54959E-03  
   7    3   vapec      He                  1.00000      frozen
   8    3   vapec      C                   1.00000      frozen
   9    3   vapec      N                   1.00000      frozen
  10    3   vapec      O                   1.00000      frozen
  11    3   vapec      Ne                  1.00000      frozen
  12    3   vapec      Mg                  1.00000      frozen
  13    3   vapec      Al                  1.00000      frozen
  14    3   vapec      Si                  1.00000      frozen
  15    3   vapec      S                   1.00000      frozen
  16    3   vapec      Ar                  1.00000      frozen
  17    3   vapec      Ca                  1.00000      frozen
  18    3   vapec      Fe                  1.00000      frozen
  19    3   vapec      Ni                  1.00000      frozen
  20    3   vapec      Redshift            0.0          frozen
  21    3   vapec      norm                1.64768E+04  +/-  426.801      
                           Data group: 2
  22    1   expmodgausslam        ct/keV/s 0.929333     frozen
  23    1   expmodgaussmu         keV      3.30333      frozen
  24    1   expmodgausssigma      keV      0.622261     frozen
  25    1   expmodgaussnorm                0.436952     frozen
  26    2   constant   factor              1.00538      +/-  2.83757E-02  
  27    3   vapec      kT         keV      0.875768     = isothermal_with_pileup:p6
  28    3   vapec      He                  1.00000      = isothermal_with_pileup:p7
  29    3   vapec      C                   1.00000      = isothermal_with_pileup:p8
  30    3   vapec      N                   1.00000      = isothermal_with_pileup:p9
  31    3   vapec      O                   1.00000      = isothermal_with_pileup:p10
  32    3   vapec      Ne                  1.00000      = isothermal_with_pileup:p11
  33    3   vapec      Mg                  1.00000      = isothermal_with_pileup:p12
  34    3   vapec      Al                  1.00000      = isothermal_with_pileup:p13
  35    3   vapec      Si                  1.00000      = isothermal_with_pileup:p14
  36    3   vapec      S                   1.00000      = isothermal_with_pileup:p15
  37    3   vapec      Ar                  1.00000      = isothermal_with_pileup:p16
  38    3   vapec      Ca                  1.00000      = isothermal_with_pileup:p17
  39    3   vapec      Fe                  1.00000      = isothermal_with_pileup:p18
  40    3   vapec      Ni                  1.00000      = isothermal_with_pileup:p19
  41    3   vapec      Redshift            0.0          = isothermal_with_pileup:p20
  42    3   vapec      norm                1.64768E+04  = isothermal_with_pileup:p21
________________________________________________________________________


Response Parameters:

========================================================================
Source No.: 1
Rpar Spectrum Rmodel   Rpar_name  Unit   Value

   1     1    gain     slope             0.970641     +/-  4.39018E-03  
   2     1    gain     offset            0.0          frozen
   3     2    gain     slope             0.970641     = p1
   4     2    gain     offset            0.0          = p2
________________________________________________________________________


Fit statistic  : C-Statistic                   223.8     using 108 bins, spectrum 1, group 1.
                 C-Statistic                   200.4     using 108 bins, spectrum 2, group 2.
Total fit statistic                            424.2     with 212 d.o.f.

Test statistic : Chi-Squared                   410.4     using 216 bins.
 Null hypothesis probability of 8.5e-15 with 212 degrees of freedom
***Warning: New best fit found, fit parameters will be set to new values.
                                   Parameters
C-Statistic  |beta|/N    Lvl isothermal_wi isothermal_wi isothermal_wi      r1:slope
421.972      30.8815      -3      0.874852       16481.4       1.01865      0.971290
420.878      85.1287      -1      0.875042       16456.3       1.00861      0.971477
420.849      3.76477       0      0.875092       16455.0       1.00758      0.971391
==================================================
 Variances and Principal Axes
         isothermal_with_pileup:6isothermal_with_pileup:21isothermal_with_pileup:26       r1  
 5.4398E-06|  0.9662   0.0000   0.0886   0.2419  
 5.9581E-06| -0.2282  -0.0000  -0.1417   0.9632  
 8.4750E-04| -0.1196  -0.0000   0.9859   0.1167  
 1.7889E+05| -0.0000   1.0000   0.0000   0.0000  
--------------------------------------------------

================================================
  Covariance Matrix
        1           2           3           4   
   5.603e-05  -2.625e+00  -1.025e-04  -2.080e-05
  -2.625e+00   1.789e+05   2.162e-01   6.083e-01
  -1.025e-04   2.162e-01   8.242e-04   9.756e-05
  -2.080e-05   6.083e-01   9.756e-05   1.946e-05
------------------------------------------------

========================================================================
Model isothermal_with_pileup:expmodgauss<1> + constant<2>*vapec<3> Source No.: 1   Active/On
Model Model Component  Parameter  Unit     Value
 par  comp
                           Data group: 1
   1    1   expmodgausslam        ct/keV/s 1.07597      frozen
   2    1   expmodgaussmu         keV      3.05047      frozen
   3    1   expmodgausssigma      keV      0.788498     frozen
   4    1   expmodgaussnorm                0.555425     frozen
   5    2   constant   factor              1.00000      frozen
   6    3   vapec      kT         keV      0.875092     +/-  7.48514E-03  
   7    3   vapec      He                  1.00000      frozen
   8    3   vapec      C                   1.00000      frozen
   9    3   vapec      N                   1.00000      frozen
  10    3   vapec      O                   1.00000      frozen
  11    3   vapec      Ne                  1.00000      frozen
  12    3   vapec      Mg                  1.00000      frozen
  13    3   vapec      Al                  1.00000      frozen
  14    3   vapec      Si                  1.00000      frozen
  15    3   vapec      S                   1.00000      frozen
  16    3   vapec      Ar                  1.00000      frozen
  17    3   vapec      Ca                  1.00000      frozen
  18    3   vapec      Fe                  1.00000      frozen
  19    3   vapec      Ni                  1.00000      frozen
  20    3   vapec      Redshift            0.0          frozen
  21    3   vapec      norm                1.64550E+04  +/-  422.950      
                           Data group: 2
  22    1   expmodgausslam        ct/keV/s 0.929333     frozen
  23    1   expmodgaussmu         keV      3.30333      frozen
  24    1   expmodgausssigma      keV      0.622261     frozen
  25    1   expmodgaussnorm                0.436952     frozen
  26    2   constant   factor              1.00758      +/-  2.87097E-02  
  27    3   vapec      kT         keV      0.875092     = isothermal_with_pileup:p6
  28    3   vapec      He                  1.00000      = isothermal_with_pileup:p7
  29    3   vapec      C                   1.00000      = isothermal_with_pileup:p8
  30    3   vapec      N                   1.00000      = isothermal_with_pileup:p9
  31    3   vapec      O                   1.00000      = isothermal_with_pileup:p10
  32    3   vapec      Ne                  1.00000      = isothermal_with_pileup:p11
  33    3   vapec      Mg                  1.00000      = isothermal_with_pileup:p12
  34    3   vapec      Al                  1.00000      = isothermal_with_pileup:p13
  35    3   vapec      Si                  1.00000      = isothermal_with_pileup:p14
  36    3   vapec      S                   1.00000      = isothermal_with_pileup:p15
  37    3   vapec      Ar                  1.00000      = isothermal_with_pileup:p16
  38    3   vapec      Ca                  1.00000      = isothermal_with_pileup:p17
  39    3   vapec      Fe                  1.00000      = isothermal_with_pileup:p18
  40    3   vapec      Ni                  1.00000      = isothermal_with_pileup:p19
  41    3   vapec      Redshift            0.0          = isothermal_with_pileup:p20
  42    3   vapec      norm                1.64550E+04  = isothermal_with_pileup:p21
________________________________________________________________________


Response Parameters:

========================================================================
Source No.: 1
Rpar Spectrum Rmodel   Rpar_name  Unit   Value

   1     1    gain     slope             0.971391     +/-  4.41124E-03  
   2     1    gain     offset            0.0          frozen
   3     2    gain     slope             0.971391     = p1
   4     2    gain     offset            0.0          = p2
________________________________________________________________________


Fit statistic  : C-Statistic                   222.4     using 108 bins, spectrum 1, group 1.
                 C-Statistic                   198.5     using 108 bins, spectrum 2, group 2.
Total fit statistic                            420.8     with 212 d.o.f.

Test statistic : Chi-Squared                   406.9     using 216 bins.
 Null hypothesis probability of 2.0e-14 with 212 degrees of freedom
***Warning: New best fit found, fit parameters will be set to new values.
     6     0.863152     0.890959    (-0.0119166,0.0158912)
Apparent non-monotonicity in statistic space detected.
Current bracket values 16144.9, 16130.8
and delta stat 0.776569, 3.95076
but latest trial 16135.4 gives 4.48505
Suggest that you check this result using the steppar command.
Apparent non-monotonicity in statistic space detected.
Current bracket values 17248.1, 17864.4
and delta stat 2.31043, 8.2494
but latest trial 17318.3 gives 2.25686
Suggest that you check this result using the steppar command.
    21      16137.9      17556.2    (-335.035,1083.33)
                                   Parameters
C-Statistic  |beta|/N    Lvl isothermal_wi isothermal_wi isothermal_wi      r1:slope
413.893      80.7337       0      0.869338       16318.7       1.03182      0.978467
412.884      28.7286       0      0.869597       16349.8       1.02419      0.978350
411.958      19.443        0      0.869865       16379.3       1.01863      0.977974
411.958      39.3801       1      0.869870       16379.7       1.01859      0.977966
==================================================
 Variances and Principal Axes
         isothermal_with_pileup:6isothermal_with_pileup:21isothermal_with_pileup:26       r1  
 5.3341E-06|  0.9912   0.0000   0.1064   0.0791  
 6.1298E-06| -0.0653  -0.0000  -0.1273   0.9897  
 9.0396E-04| -0.1154  -0.0000   0.9861   0.1192  
 1.7084E+05| -0.0000   1.0000   0.0000   0.0000  
--------------------------------------------------

================================================
  Covariance Matrix
        1           2           3           4   
   5.280e-05  -2.463e+00  -1.040e-04  -2.089e-05
  -2.463e+00   1.708e+05   1.261e-01   5.880e-01
  -1.040e-04   1.261e-01   8.793e-04   1.060e-04
  -2.089e-05   5.880e-01   1.060e-04   2.091e-05
------------------------------------------------

========================================================================
Model isothermal_with_pileup:expmodgauss<1> + constant<2>*vapec<3> Source No.: 1   Active/On
Model Model Component  Parameter  Unit     Value
 par  comp
                           Data group: 1
   1    1   expmodgausslam        ct/keV/s 1.07597      frozen
   2    1   expmodgaussmu         keV      3.05047      frozen
   3    1   expmodgausssigma      keV      0.788498     frozen
   4    1   expmodgaussnorm                0.555425     frozen
   5    2   constant   factor              1.00000      frozen
   6    3   vapec      kT         keV      0.869870     +/-  7.26608E-03  
   7    3   vapec      He                  1.00000      frozen
   8    3   vapec      C                   1.00000      frozen
   9    3   vapec      N                   1.00000      frozen
  10    3   vapec      O                   1.00000      frozen
  11    3   vapec      Ne                  1.00000      frozen
  12    3   vapec      Mg                  1.00000      frozen
  13    3   vapec      Al                  1.00000      frozen
  14    3   vapec      Si                  1.00000      frozen
  15    3   vapec      S                   1.00000      frozen
  16    3   vapec      Ar                  1.00000      frozen
  17    3   vapec      Ca                  1.00000      frozen
  18    3   vapec      Fe                  1.00000      frozen
  19    3   vapec      Ni                  1.00000      frozen
  20    3   vapec      Redshift            0.0          frozen
  21    3   vapec      norm                1.63797E+04  +/-  413.330      
                           Data group: 2
  22    1   expmodgausslam        ct/keV/s 0.929333     frozen
  23    1   expmodgaussmu         keV      3.30333      frozen
  24    1   expmodgausssigma      keV      0.622261     frozen
  25    1   expmodgaussnorm                0.436952     frozen
  26    2   constant   factor              1.01859      +/-  2.96536E-02  
  27    3   vapec      kT         keV      0.869870     = isothermal_with_pileup:p6
  28    3   vapec      He                  1.00000      = isothermal_with_pileup:p7
  29    3   vapec      C                   1.00000      = isothermal_with_pileup:p8
  30    3   vapec      N                   1.00000      = isothermal_with_pileup:p9
  31    3   vapec      O                   1.00000      = isothermal_with_pileup:p10
  32    3   vapec      Ne                  1.00000      = isothermal_with_pileup:p11
  33    3   vapec      Mg                  1.00000      = isothermal_with_pileup:p12
  34    3   vapec      Al                  1.00000      = isothermal_with_pileup:p13
  35    3   vapec      Si                  1.00000      = isothermal_with_pileup:p14
  36    3   vapec      S                   1.00000      = isothermal_with_pileup:p15
  37    3   vapec      Ar                  1.00000      = isothermal_with_pileup:p16
  38    3   vapec      Ca                  1.00000      = isothermal_with_pileup:p17
  39    3   vapec      Fe                  1.00000      = isothermal_with_pileup:p18
  40    3   vapec      Ni                  1.00000      = isothermal_with_pileup:p19
  41    3   vapec      Redshift            0.0          = isothermal_with_pileup:p20
  42    3   vapec      norm                1.63797E+04  = isothermal_with_pileup:p21
________________________________________________________________________


Response Parameters:

========================================================================
Source No.: 1
Rpar Spectrum Rmodel   Rpar_name  Unit   Value

   1     1    gain     slope             0.977966     +/-  4.57269E-03  
   2     1    gain     offset            0.0          frozen
   3     2    gain     slope             0.977966     = p1
   4     2    gain     offset            0.0          = p2
________________________________________________________________________


Fit statistic  : C-Statistic                   219.2     using 108 bins, spectrum 1, group 1.
                 C-Statistic                   192.7     using 108 bins, spectrum 2, group 2.
Total fit statistic                            412.0     with 212 d.o.f.

Test statistic : Chi-Squared                   399.0     using 216 bins.
 Null hypothesis probability of 1.4e-13 with 212 degrees of freedom
***Warning: New best fit found, fit parameters will be set to new values.
Apparent non-monotonicity in statistic space detected.
Current bracket values 0.86987, 0.855015
and delta stat 0, 2.75
but latest trial 0.855137 gives 2.75941
Suggest that you check this result using the steppar command.
***Warning:  *** 3 point fit failed during interpolation *** 
Upper bound error calculation is invalid.
     6     0.862442     0.888272    (-0.00742411,0.0184056)
***Warning:  *** 3 point fit failed during interpolation *** 
Upper bound error calculation is invalid.
    21      16107.9      16836.2    (-330.023,398.217)
    26     0.973767      1.03904    (-0.044747,0.0205277)
