
Previous model: background for source #: 1 has been rendered inactive.

========================================================================
Model isothermal_with_pileup_and_background:expmodgauss<1> + constant<2>*vapec<3> + expmodgauss<4> + constant<5>*vapec<6> Source No.: 1   Active/On
Model Model Component  Parameter  Unit     Value
 par  comp
                           Data group: 1
   1    1   expmodgausslam        ct/keV/s 1.50000      +/-  0.0          
   2    1   expmodgaussmu         keV      3.00000      +/-  0.0          
   3    1   expmodgausssigma      keV      1.00000      +/-  0.0          
   4    1   expmodgaussnorm                1.00000      +/-  0.0          
   5    2   constant   factor              1.00000      +/-  0.0          
   6    3   vapec      kT         keV      6.50000      +/-  0.0          
   7    3   vapec      He                  1.00000      frozen
   8    3   vapec      C                   1.00000      frozen
   9    3   vapec      N                   1.00000      frozen
  10    3   vapec      O                   1.00000      frozen
  11    3   vapec      Ne                  1.00000      frozen
  12    3   vapec      Mg                  1.00000      frozen
  13    3   vapec      Al                  1.00000      frozen
  14    3   vapec      Si                  1.00000      frozen
  15    3   vapec      S                   1.00000      frozen
  16    3   vapec      Ar                  1.00000      frozen
  17    3   vapec      Ca                  1.00000      frozen
  18    3   vapec      Fe                  1.00000      frozen
  19    3   vapec      Ni                  1.00000      frozen
  20    3   vapec      Redshift            0.0          frozen
  21    3   vapec      norm                1.00000      +/-  0.0          
  22    4   expmodgausslam        ct/keV/s 1.50000      +/-  0.0          
  23    4   expmodgaussmu         keV      3.00000      +/-  0.0          
  24    4   expmodgausssigma      keV      1.00000      +/-  0.0          
  25    4   expmodgaussnorm                1.00000      +/-  0.0          
  26    5   constant   factor              1.00000      +/-  0.0          
  27    6   vapec      kT         keV      6.50000      +/-  0.0          
  28    6   vapec      He                  1.00000      frozen
  29    6   vapec      C                   1.00000      frozen
  30    6   vapec      N                   1.00000      frozen
  31    6   vapec      O                   1.00000      frozen
  32    6   vapec      Ne                  1.00000      frozen
  33    6   vapec      Mg                  1.00000      frozen
  34    6   vapec      Al                  1.00000      frozen
  35    6   vapec      Si                  1.00000      frozen
  36    6   vapec      S                   1.00000      frozen
  37    6   vapec      Ar                  1.00000      frozen
  38    6   vapec      Ca                  1.00000      frozen
  39    6   vapec      Fe                  1.00000      frozen
  40    6   vapec      Ni                  1.00000      frozen
  41    6   vapec      Redshift            0.0          frozen
  42    6   vapec      norm                1.00000      +/-  0.0          
                           Data group: 3
  43    1   expmodgausslam        ct/keV/s 1.50000      = isothermal_with_pileup_and_background:p1
  44    1   expmodgaussmu         keV      3.00000      = isothermal_with_pileup_and_background:p2
  45    1   expmodgausssigma      keV      1.00000      = isothermal_with_pileup_and_background:p3
  46    1   expmodgaussnorm                1.00000      = isothermal_with_pileup_and_background:p4
  47    2   constant   factor              1.00000      = isothermal_with_pileup_and_background:p5
  48    3   vapec      kT         keV      6.50000      = isothermal_with_pileup_and_background:p6
  49    3   vapec      He                  1.00000      = isothermal_with_pileup_and_background:p7
  50    3   vapec      C                   1.00000      = isothermal_with_pileup_and_background:p8
  51    3   vapec      N                   1.00000      = isothermal_with_pileup_and_background:p9
  52    3   vapec      O                   1.00000      = isothermal_with_pileup_and_background:p10
  53    3   vapec      Ne                  1.00000      = isothermal_with_pileup_and_background:p11
  54    3   vapec      Mg                  1.00000      = isothermal_with_pileup_and_background:p12
  55    3   vapec      Al                  1.00000      = isothermal_with_pileup_and_background:p13
  56    3   vapec      Si                  1.00000      = isothermal_with_pileup_and_background:p14
  57    3   vapec      S                   1.00000      = isothermal_with_pileup_and_background:p15
  58    3   vapec      Ar                  1.00000      = isothermal_with_pileup_and_background:p16
  59    3   vapec      Ca                  1.00000      = isothermal_with_pileup_and_background:p17
  60    3   vapec      Fe                  1.00000      = isothermal_with_pileup_and_background:p18
  61    3   vapec      Ni                  1.00000      = isothermal_with_pileup_and_background:p19
  62    3   vapec      Redshift            0.0          = isothermal_with_pileup_and_background:p20
  63    3   vapec      norm                1.00000      = isothermal_with_pileup_and_background:p21
  64    4   expmodgausslam        ct/keV/s 1.50000      = isothermal_with_pileup_and_background:p22
  65    4   expmodgaussmu         keV      3.00000      = isothermal_with_pileup_and_background:p23
  66    4   expmodgausssigma      keV      1.00000      = isothermal_with_pileup_and_background:p24
  67    4   expmodgaussnorm                1.00000      = isothermal_with_pileup_and_background:p25
  68    5   constant   factor              1.00000      = isothermal_with_pileup_and_background:p26
  69    6   vapec      kT         keV      6.50000      = isothermal_with_pileup_and_background:p27
  70    6   vapec      He                  1.00000      = isothermal_with_pileup_and_background:p28
  71    6   vapec      C                   1.00000      = isothermal_with_pileup_and_background:p29
  72    6   vapec      N                   1.00000      = isothermal_with_pileup_and_background:p30
  73    6   vapec      O                   1.00000      = isothermal_with_pileup_and_background:p31
  74    6   vapec      Ne                  1.00000      = isothermal_with_pileup_and_background:p32
  75    6   vapec      Mg                  1.00000      = isothermal_with_pileup_and_background:p33
  76    6   vapec      Al                  1.00000      = isothermal_with_pileup_and_background:p34
  77    6   vapec      Si                  1.00000      = isothermal_with_pileup_and_background:p35
  78    6   vapec      S                   1.00000      = isothermal_with_pileup_and_background:p36
  79    6   vapec      Ar                  1.00000      = isothermal_with_pileup_and_background:p37
  80    6   vapec      Ca                  1.00000      = isothermal_with_pileup_and_background:p38
  81    6   vapec      Fe                  1.00000      = isothermal_with_pileup_and_background:p39
  82    6   vapec      Ni                  1.00000      = isothermal_with_pileup_and_background:p40
  83    6   vapec      Redshift            0.0          = isothermal_with_pileup_and_background:p41
  84    6   vapec      norm                1.00000      = isothermal_with_pileup_and_background:p42
________________________________________________________________________


Fit statistic  : C-Statistic                40827.27     using 98 bins, spectrum 1, group 1.
                 C-Statistic                 3947.82     using 58 bins, spectrum 2, group 2.
                 C-Statistic                42241.38     using 101 bins, spectrum 3, group 3.
                 C-Statistic                 5690.79     using 49 bins, spectrum 4, group 4.
Total fit statistic                         92707.27     with 284 d.o.f.

Test statistic : Chi-Squared                84011.71     using 306 bins.
 Null hypothesis probability of 0.00e+00 with 284 degrees of freedom
 Current data and model not fit yet.

Fit statistic  : C-Statistic                40860.44     using 98 bins, spectrum 1, group 1.
                 C-Statistic                 3947.82     using 58 bins, spectrum 2, group 2.
                 C-Statistic                42268.32     using 101 bins, spectrum 3, group 3.
                 C-Statistic                 5690.79     using 49 bins, spectrum 4, group 4.
Total fit statistic                         92767.38     with 284 d.o.f.

Test statistic : Chi-Squared                83540.79     using 306 bins.
 Null hypothesis probability of 0.00e+00 with 284 degrees of freedom
 Current data and model not fit yet.

Fit statistic  : C-Statistic                40860.44     using 98 bins, spectrum 1, group 1.
                 C-Statistic                 3947.82     using 58 bins, spectrum 2, group 2.
                 C-Statistic                42268.32     using 101 bins, spectrum 3, group 3.
                 C-Statistic                 5690.79     using 49 bins, spectrum 4, group 4.
Total fit statistic                         92767.38     with 284 d.o.f.

Test statistic : Chi-Squared                83540.79     using 306 bins.
 Null hypothesis probability of 0.00e+00 with 284 degrees of freedom
 Current data and model not fit yet.

Fit statistic  : C-Statistic                40894.69     using 98 bins, spectrum 1, group 1.
                 C-Statistic                 3947.82     using 58 bins, spectrum 2, group 2.
                 C-Statistic                42297.00     using 101 bins, spectrum 3, group 3.
                 C-Statistic                 5690.79     using 49 bins, spectrum 4, group 4.
Total fit statistic                         92830.31     with 284 d.o.f.

Test statistic : Chi-Squared                83100.49     using 306 bins.
 Null hypothesis probability of 0.00e+00 with 284 degrees of freedom
 Current data and model not fit yet.

Fit statistic  : C-Statistic                40894.69     using 98 bins, spectrum 1, group 1.
                 C-Statistic                 3947.82     using 58 bins, spectrum 2, group 2.
                 C-Statistic                42297.00     using 101 bins, spectrum 3, group 3.
                 C-Statistic                 5690.79     using 49 bins, spectrum 4, group 4.
Total fit statistic                         92830.31     with 284 d.o.f.

Test statistic : Chi-Squared                83100.49     using 306 bins.
 Null hypothesis probability of 0.00e+00 with 284 degrees of freedom
 Current data and model not fit yet.

Fit statistic  : C-Statistic                40048.64     using 98 bins, spectrum 1, group 1.
                 C-Statistic                 3947.82     using 58 bins, spectrum 2, group 2.
                 C-Statistic                41357.62     using 101 bins, spectrum 3, group 3.
                 C-Statistic                 5690.79     using 49 bins, spectrum 4, group 4.
Total fit statistic                         91044.88     with 284 d.o.f.

Test statistic : Chi-Squared                80223.75     using 306 bins.
 Null hypothesis probability of 0.00e+00 with 284 degrees of freedom
 Current data and model not fit yet.

Fit statistic  : C-Statistic                40048.64     using 98 bins, spectrum 1, group 1.
                 C-Statistic                 3947.82     using 58 bins, spectrum 2, group 2.
                 C-Statistic                41357.62     using 101 bins, spectrum 3, group 3.
                 C-Statistic                 5690.79     using 49 bins, spectrum 4, group 4.
Total fit statistic                         91044.88     with 285 d.o.f.

Test statistic : Chi-Squared                80223.75     using 306 bins.
 Null hypothesis probability of 0.00e+00 with 285 degrees of freedom
 Current data and model not fit yet.

Fit statistic  : C-Statistic                39277.94     using 98 bins, spectrum 1, group 1.
                 C-Statistic                 3947.82     using 58 bins, spectrum 2, group 2.
                 C-Statistic                40458.22     using 101 bins, spectrum 3, group 3.
                 C-Statistic                 5690.79     using 49 bins, spectrum 4, group 4.
Total fit statistic                         89374.78     with 285 d.o.f.

Test statistic : Chi-Squared                77815.85     using 306 bins.
 Null hypothesis probability of 0.00e+00 with 285 degrees of freedom
 Current data and model not fit yet.

Fit statistic  : C-Statistic                39277.94     using 98 bins, spectrum 1, group 1.
                 C-Statistic                 3947.82     using 58 bins, spectrum 2, group 2.
                 C-Statistic                40458.22     using 101 bins, spectrum 3, group 3.
                 C-Statistic                 5690.79     using 49 bins, spectrum 4, group 4.
Total fit statistic                         89374.78     with 286 d.o.f.

Test statistic : Chi-Squared                77815.85     using 306 bins.
 Null hypothesis probability of 0.00e+00 with 286 degrees of freedom
 Current data and model not fit yet.

Fit statistic  : C-Statistic                36407.04     using 98 bins, spectrum 1, group 1.
                 C-Statistic                 3947.82     using 58 bins, spectrum 2, group 2.
                 C-Statistic                37412.68     using 101 bins, spectrum 3, group 3.
                 C-Statistic                 5690.79     using 49 bins, spectrum 4, group 4.
Total fit statistic                         83458.33     with 286 d.o.f.

Test statistic : Chi-Squared                73661.18     using 306 bins.
 Null hypothesis probability of 0.00e+00 with 286 degrees of freedom
 Current data and model not fit yet.

Fit statistic  : C-Statistic                36407.04     using 98 bins, spectrum 1, group 1.
                 C-Statistic                 3947.82     using 58 bins, spectrum 2, group 2.
                 C-Statistic                37412.68     using 101 bins, spectrum 3, group 3.
                 C-Statistic                 5690.79     using 49 bins, spectrum 4, group 4.
Total fit statistic                         83458.33     with 287 d.o.f.

Test statistic : Chi-Squared                73661.18     using 306 bins.
 Null hypothesis probability of 0.00e+00 with 287 degrees of freedom
 Current data and model not fit yet.

Fit statistic  : C-Statistic                49853.83     using 98 bins, spectrum 1, group 1.
                 C-Statistic                 3947.82     using 58 bins, spectrum 2, group 2.
                 C-Statistic                50945.27     using 101 bins, spectrum 3, group 3.
                 C-Statistic                 5690.79     using 49 bins, spectrum 4, group 4.
Total fit statistic                         110437.7     with 287 d.o.f.

Test statistic : Chi-Squared                72965.80     using 306 bins.
 Null hypothesis probability of 0.00e+00 with 287 degrees of freedom
 Current data and model not fit yet.

Fit statistic  : C-Statistic                49853.83     using 98 bins, spectrum 1, group 1.
                 C-Statistic                 3947.82     using 58 bins, spectrum 2, group 2.
                 C-Statistic                50945.27     using 101 bins, spectrum 3, group 3.
                 C-Statistic                 5690.79     using 49 bins, spectrum 4, group 4.
Total fit statistic                         110437.7     with 288 d.o.f.

Test statistic : Chi-Squared                72965.80     using 306 bins.
 Null hypothesis probability of 0.00e+00 with 288 degrees of freedom
 Current data and model not fit yet.

Fit statistic  : C-Statistic                49853.83     using 98 bins, spectrum 1, group 1.
                 C-Statistic                 3947.82     using 58 bins, spectrum 2, group 2.
                 C-Statistic                50945.27     using 101 bins, spectrum 3, group 3.
                 C-Statistic                 5690.79     using 49 bins, spectrum 4, group 4.
Total fit statistic                         110437.7     with 289 d.o.f.

Test statistic : Chi-Squared                72965.80     using 306 bins.
 Null hypothesis probability of 0.00e+00 with 289 degrees of freedom
 Current data and model not fit yet.
  parameter isothermal_with_pileup_and_background:5 is already frozen.

Fit statistic  : C-Statistic                49851.22     using 98 bins, spectrum 1, group 1.
                 C-Statistic                 3947.82     using 58 bins, spectrum 2, group 2.
                 C-Statistic                50942.48     using 101 bins, spectrum 3, group 3.
                 C-Statistic                 5690.79     using 49 bins, spectrum 4, group 4.
Total fit statistic                         110432.3     with 289 d.o.f.

Test statistic : Chi-Squared                72965.55     using 306 bins.
 Null hypothesis probability of 0.00e+00 with 289 degrees of freedom
 Current data and model not fit yet.

Fit statistic  : C-Statistic                49851.22     using 98 bins, spectrum 1, group 1.
                 C-Statistic                 3947.82     using 58 bins, spectrum 2, group 2.
                 C-Statistic                50942.48     using 101 bins, spectrum 3, group 3.
                 C-Statistic                 5690.79     using 49 bins, spectrum 4, group 4.
Total fit statistic                         110432.3     with 290 d.o.f.

Test statistic : Chi-Squared                72965.55     using 306 bins.
 Null hypothesis probability of 0.00e+00 with 290 degrees of freedom
 Current data and model not fit yet.

Fit statistic  : C-Statistic                49851.22     using 98 bins, spectrum 1, group 1.
                 C-Statistic                 3947.82     using 58 bins, spectrum 2, group 2.
                 C-Statistic                50942.48     using 101 bins, spectrum 3, group 3.
                 C-Statistic                 5690.79     using 49 bins, spectrum 4, group 4.
Total fit statistic                         110432.3     with 290 d.o.f.

Test statistic : Chi-Squared                72965.55     using 306 bins.
 Null hypothesis probability of 0.00e+00 with 290 degrees of freedom
 Current data and model not fit yet.
  parameter isothermal_with_pileup_and_background:7 is already frozen.

Fit statistic  : C-Statistic                49851.22     using 98 bins, spectrum 1, group 1.
                 C-Statistic                 3947.82     using 58 bins, spectrum 2, group 2.
                 C-Statistic                50942.48     using 101 bins, spectrum 3, group 3.
                 C-Statistic                 5690.79     using 49 bins, spectrum 4, group 4.
Total fit statistic                         110432.3     with 290 d.o.f.

Test statistic : Chi-Squared                72965.55     using 306 bins.
 Null hypothesis probability of 0.00e+00 with 290 degrees of freedom
 Current data and model not fit yet.
  parameter isothermal_with_pileup_and_background:8 is already frozen.

Fit statistic  : C-Statistic                49851.22     using 98 bins, spectrum 1, group 1.
                 C-Statistic                 3947.82     using 58 bins, spectrum 2, group 2.
                 C-Statistic                50942.48     using 101 bins, spectrum 3, group 3.
                 C-Statistic                 5690.79     using 49 bins, spectrum 4, group 4.
Total fit statistic                         110432.3     with 290 d.o.f.

Test statistic : Chi-Squared                72965.55     using 306 bins.
 Null hypothesis probability of 0.00e+00 with 290 degrees of freedom
 Current data and model not fit yet.
  parameter isothermal_with_pileup_and_background:9 is already frozen.

Fit statistic  : C-Statistic                49851.22     using 98 bins, spectrum 1, group 1.
                 C-Statistic                 3947.82     using 58 bins, spectrum 2, group 2.
                 C-Statistic                50942.48     using 101 bins, spectrum 3, group 3.
                 C-Statistic                 5690.79     using 49 bins, spectrum 4, group 4.
Total fit statistic                         110432.3     with 290 d.o.f.

Test statistic : Chi-Squared                72965.55     using 306 bins.
 Null hypothesis probability of 0.00e+00 with 290 degrees of freedom
 Current data and model not fit yet.
  parameter isothermal_with_pileup_and_background:10 is already frozen.

Fit statistic  : C-Statistic                49851.22     using 98 bins, spectrum 1, group 1.
                 C-Statistic                 3947.82     using 58 bins, spectrum 2, group 2.
                 C-Statistic                50942.48     using 101 bins, spectrum 3, group 3.
                 C-Statistic                 5690.79     using 49 bins, spectrum 4, group 4.
Total fit statistic                         110432.3     with 290 d.o.f.

Test statistic : Chi-Squared                72965.55     using 306 bins.
 Null hypothesis probability of 0.00e+00 with 290 degrees of freedom
 Current data and model not fit yet.
  parameter isothermal_with_pileup_and_background:11 is already frozen.

Fit statistic  : C-Statistic                49851.22     using 98 bins, spectrum 1, group 1.
                 C-Statistic                 3947.82     using 58 bins, spectrum 2, group 2.
                 C-Statistic                50942.48     using 101 bins, spectrum 3, group 3.
                 C-Statistic                 5690.79     using 49 bins, spectrum 4, group 4.
Total fit statistic                         110432.3     with 290 d.o.f.

Test statistic : Chi-Squared                72965.55     using 306 bins.
 Null hypothesis probability of 0.00e+00 with 290 degrees of freedom
 Current data and model not fit yet.
  parameter isothermal_with_pileup_and_background:12 is already frozen.

Fit statistic  : C-Statistic                49851.22     using 98 bins, spectrum 1, group 1.
                 C-Statistic                 3947.82     using 58 bins, spectrum 2, group 2.
                 C-Statistic                50942.48     using 101 bins, spectrum 3, group 3.
                 C-Statistic                 5690.79     using 49 bins, spectrum 4, group 4.
Total fit statistic                         110432.3     with 290 d.o.f.

Test statistic : Chi-Squared                72965.55     using 306 bins.
 Null hypothesis probability of 0.00e+00 with 290 degrees of freedom
 Current data and model not fit yet.
  parameter isothermal_with_pileup_and_background:13 is already frozen.

Fit statistic  : C-Statistic                49851.22     using 98 bins, spectrum 1, group 1.
                 C-Statistic                 3947.82     using 58 bins, spectrum 2, group 2.
                 C-Statistic                50942.48     using 101 bins, spectrum 3, group 3.
                 C-Statistic                 5690.79     using 49 bins, spectrum 4, group 4.
Total fit statistic                         110432.3     with 290 d.o.f.

Test statistic : Chi-Squared                72965.55     using 306 bins.
 Null hypothesis probability of 0.00e+00 with 290 degrees of freedom
 Current data and model not fit yet.
  parameter isothermal_with_pileup_and_background:14 is already frozen.

Fit statistic  : C-Statistic                49851.22     using 98 bins, spectrum 1, group 1.
                 C-Statistic                 3947.82     using 58 bins, spectrum 2, group 2.
                 C-Statistic                50942.48     using 101 bins, spectrum 3, group 3.
                 C-Statistic                 5690.79     using 49 bins, spectrum 4, group 4.
Total fit statistic                         110432.3     with 290 d.o.f.

Test statistic : Chi-Squared                72965.55     using 306 bins.
 Null hypothesis probability of 0.00e+00 with 290 degrees of freedom
 Current data and model not fit yet.
  parameter isothermal_with_pileup_and_background:15 is already frozen.

Fit statistic  : C-Statistic                49851.22     using 98 bins, spectrum 1, group 1.
                 C-Statistic                 3947.82     using 58 bins, spectrum 2, group 2.
                 C-Statistic                50942.48     using 101 bins, spectrum 3, group 3.
                 C-Statistic                 5690.79     using 49 bins, spectrum 4, group 4.
Total fit statistic                         110432.3     with 290 d.o.f.

Test statistic : Chi-Squared                72965.55     using 306 bins.
 Null hypothesis probability of 0.00e+00 with 290 degrees of freedom
 Current data and model not fit yet.
  parameter isothermal_with_pileup_and_background:16 is already frozen.

Fit statistic  : C-Statistic                49851.22     using 98 bins, spectrum 1, group 1.
                 C-Statistic                 3947.82     using 58 bins, spectrum 2, group 2.
                 C-Statistic                50942.48     using 101 bins, spectrum 3, group 3.
                 C-Statistic                 5690.79     using 49 bins, spectrum 4, group 4.
Total fit statistic                         110432.3     with 290 d.o.f.

Test statistic : Chi-Squared                72965.55     using 306 bins.
 Null hypothesis probability of 0.00e+00 with 290 degrees of freedom
 Current data and model not fit yet.
  parameter isothermal_with_pileup_and_background:17 is already frozen.

Fit statistic  : C-Statistic                49851.22     using 98 bins, spectrum 1, group 1.
                 C-Statistic                 3947.82     using 58 bins, spectrum 2, group 2.
                 C-Statistic                50942.48     using 101 bins, spectrum 3, group 3.
                 C-Statistic                 5690.79     using 49 bins, spectrum 4, group 4.
Total fit statistic                         110432.3     with 290 d.o.f.

Test statistic : Chi-Squared                72965.55     using 306 bins.
 Null hypothesis probability of 0.00e+00 with 290 degrees of freedom
 Current data and model not fit yet.
  parameter isothermal_with_pileup_and_background:18 is already frozen.

Fit statistic  : C-Statistic                49851.22     using 98 bins, spectrum 1, group 1.
                 C-Statistic                 3947.82     using 58 bins, spectrum 2, group 2.
                 C-Statistic                50942.48     using 101 bins, spectrum 3, group 3.
                 C-Statistic                 5690.79     using 49 bins, spectrum 4, group 4.
Total fit statistic                         110432.3     with 290 d.o.f.

Test statistic : Chi-Squared                72965.55     using 306 bins.
 Null hypothesis probability of 0.00e+00 with 290 degrees of freedom
 Current data and model not fit yet.
  parameter isothermal_with_pileup_and_background:19 is already frozen.

Fit statistic  : C-Statistic                49851.22     using 98 bins, spectrum 1, group 1.
                 C-Statistic                 3947.82     using 58 bins, spectrum 2, group 2.
                 C-Statistic                50942.48     using 101 bins, spectrum 3, group 3.
                 C-Statistic                 5690.79     using 49 bins, spectrum 4, group 4.
Total fit statistic                         110432.3     with 290 d.o.f.

Test statistic : Chi-Squared                72965.55     using 306 bins.
 Null hypothesis probability of 0.00e+00 with 290 degrees of freedom
 Current data and model not fit yet.
  parameter isothermal_with_pileup_and_background:20 is already frozen.

Fit statistic  : C-Statistic                 1247.14     using 98 bins, spectrum 1, group 1.
                 C-Statistic                 3947.82     using 58 bins, spectrum 2, group 2.
                 C-Statistic                 1365.05     using 101 bins, spectrum 3, group 3.
                 C-Statistic                 5690.79     using 49 bins, spectrum 4, group 4.
Total fit statistic                         12250.81     with 290 d.o.f.

Test statistic : Chi-Squared                51015.70     using 306 bins.
 Null hypothesis probability of 0.00e+00 with 290 degrees of freedom
 Current data and model not fit yet.

Fit statistic  : C-Statistic                 1247.14     using 98 bins, spectrum 1, group 1.
                 C-Statistic                 3947.82     using 58 bins, spectrum 2, group 2.
                 C-Statistic                 1365.05     using 101 bins, spectrum 3, group 3.
                 C-Statistic                 5690.79     using 49 bins, spectrum 4, group 4.
Total fit statistic                         12250.81     with 291 d.o.f.

Test statistic : Chi-Squared                51015.70     using 306 bins.
 Null hypothesis probability of 0.00e+00 with 291 degrees of freedom
 Current data and model not fit yet.

Fit statistic  : C-Statistic                 1247.14     using 98 bins, spectrum 1, group 1.
                 C-Statistic                 3947.82     using 58 bins, spectrum 2, group 2.
                 C-Statistic                 1440.40     using 101 bins, spectrum 3, group 3.
                 C-Statistic                 5690.79     using 49 bins, spectrum 4, group 4.
Total fit statistic                         12326.16     with 290 d.o.f.

Test statistic : Chi-Squared                51184.62     using 306 bins.
 Null hypothesis probability of 0.00e+00 with 290 degrees of freedom
 Current data and model not fit yet.

Fit statistic  : C-Statistic                 1247.14     using 98 bins, spectrum 1, group 1.
                 C-Statistic                 3947.82     using 58 bins, spectrum 2, group 2.
                 C-Statistic                 1440.40     using 101 bins, spectrum 3, group 3.
                 C-Statistic                 5690.79     using 49 bins, spectrum 4, group 4.
Total fit statistic                         12326.16     with 291 d.o.f.

Test statistic : Chi-Squared                51184.62     using 306 bins.
 Null hypothesis probability of 0.00e+00 with 291 degrees of freedom
 Current data and model not fit yet.

Fit statistic  : C-Statistic                 1247.14     using 98 bins, spectrum 1, group 1.
                 C-Statistic                 3947.82     using 58 bins, spectrum 2, group 2.
                 C-Statistic                 1641.32     using 101 bins, spectrum 3, group 3.
                 C-Statistic                 5690.79     using 49 bins, spectrum 4, group 4.
Total fit statistic                         12527.08     with 290 d.o.f.

Test statistic : Chi-Squared                51626.43     using 306 bins.
 Null hypothesis probability of 0.00e+00 with 290 degrees of freedom
 Current data and model not fit yet.

Fit statistic  : C-Statistic                 1247.14     using 98 bins, spectrum 1, group 1.
                 C-Statistic                 3947.82     using 58 bins, spectrum 2, group 2.
                 C-Statistic                 1641.32     using 101 bins, spectrum 3, group 3.
                 C-Statistic                 5690.79     using 49 bins, spectrum 4, group 4.
Total fit statistic                         12527.08     with 291 d.o.f.

Test statistic : Chi-Squared                51626.43     using 306 bins.
 Null hypothesis probability of 0.00e+00 with 291 degrees of freedom
 Current data and model not fit yet.

Fit statistic  : C-Statistic                 1247.14     using 98 bins, spectrum 1, group 1.
                 C-Statistic                 3947.82     using 58 bins, spectrum 2, group 2.
                 C-Statistic                 1547.84     using 101 bins, spectrum 3, group 3.
                 C-Statistic                 5690.79     using 49 bins, spectrum 4, group 4.
Total fit statistic                         12433.59     with 290 d.o.f.

Test statistic : Chi-Squared                51397.44     using 306 bins.
 Null hypothesis probability of 0.00e+00 with 290 degrees of freedom
 Current data and model not fit yet.

Fit statistic  : C-Statistic                 1247.14     using 98 bins, spectrum 1, group 1.
                 C-Statistic                 3947.82     using 58 bins, spectrum 2, group 2.
                 C-Statistic                 1547.84     using 101 bins, spectrum 3, group 3.
                 C-Statistic                 5690.79     using 49 bins, spectrum 4, group 4.
Total fit statistic                         12433.59     with 291 d.o.f.

Test statistic : Chi-Squared                51397.44     using 306 bins.
 Null hypothesis probability of 0.00e+00 with 291 degrees of freedom
 Current data and model not fit yet.

Fit statistic  : C-Statistic                 1247.14     using 98 bins, spectrum 1, group 1.
                 C-Statistic                 3947.82     using 58 bins, spectrum 2, group 2.
                 C-Statistic                 1311.44     using 101 bins, spectrum 3, group 3.
                 C-Statistic                 5690.79     using 49 bins, spectrum 4, group 4.
Total fit statistic                         12197.19     with 290 d.o.f.

Test statistic : Chi-Squared                50870.59     using 306 bins.
 Null hypothesis probability of 0.00e+00 with 290 degrees of freedom
 Current data and model not fit yet.

Fit statistic  : C-Statistic                 1247.14     using 98 bins, spectrum 1, group 1.
                 C-Statistic                 3947.82     using 58 bins, spectrum 2, group 2.
                 C-Statistic                 1311.44     using 101 bins, spectrum 3, group 3.
                 C-Statistic                 5690.79     using 49 bins, spectrum 4, group 4.
Total fit statistic                         12197.19     with 291 d.o.f.

Test statistic : Chi-Squared                50870.59     using 306 bins.
 Null hypothesis probability of 0.00e+00 with 291 degrees of freedom
 Current data and model not fit yet.

Fit statistic  : C-Statistic                 1247.14     using 98 bins, spectrum 1, group 1.
                 C-Statistic                 3947.82     using 58 bins, spectrum 2, group 2.
                 C-Statistic                 1747.19     using 101 bins, spectrum 3, group 3.
                 C-Statistic                 5690.79     using 49 bins, spectrum 4, group 4.
Total fit statistic                         12632.95     with 290 d.o.f.

Test statistic : Chi-Squared                51179.47     using 306 bins.
 Null hypothesis probability of 0.00e+00 with 290 degrees of freedom
 Current data and model not fit yet.

Fit statistic  : C-Statistic                 1247.14     using 98 bins, spectrum 1, group 1.
                 C-Statistic                 3947.82     using 58 bins, spectrum 2, group 2.
                 C-Statistic                 1747.19     using 101 bins, spectrum 3, group 3.
                 C-Statistic                 5690.79     using 49 bins, spectrum 4, group 4.
Total fit statistic                         12632.95     with 291 d.o.f.

Test statistic : Chi-Squared                51179.47     using 306 bins.
 Null hypothesis probability of 0.00e+00 with 291 degrees of freedom
 Current data and model not fit yet.

Fit statistic  : C-Statistic                 1247.14     using 98 bins, spectrum 1, group 1.
                 C-Statistic                 3947.82     using 58 bins, spectrum 2, group 2.
                 C-Statistic                 1747.19     using 101 bins, spectrum 3, group 3.
                 C-Statistic                 5690.79     using 49 bins, spectrum 4, group 4.
Total fit statistic                         12632.95     with 290 d.o.f.

Test statistic : Chi-Squared                51179.47     using 306 bins.
 Null hypothesis probability of 0.00e+00 with 290 degrees of freedom
 Current data and model not fit yet.

Fit statistic  : C-Statistic                 1247.14     using 98 bins, spectrum 1, group 1.
                 C-Statistic                 3947.82     using 58 bins, spectrum 2, group 2.
                 C-Statistic                 1747.19     using 101 bins, spectrum 3, group 3.
                 C-Statistic                 5690.79     using 49 bins, spectrum 4, group 4.
Total fit statistic                         12632.95     with 291 d.o.f.

Test statistic : Chi-Squared                51179.47     using 306 bins.
 Null hypothesis probability of 0.00e+00 with 291 degrees of freedom
 Current data and model not fit yet.

Fit statistic  : C-Statistic                 1247.14     using 98 bins, spectrum 1, group 1.
                 C-Statistic                 3947.82     using 58 bins, spectrum 2, group 2.
                 C-Statistic                 1747.19     using 101 bins, spectrum 3, group 3.
                 C-Statistic                 5690.79     using 49 bins, spectrum 4, group 4.
Total fit statistic                         12632.95     with 290 d.o.f.

Test statistic : Chi-Squared                51179.47     using 306 bins.
 Null hypothesis probability of 0.00e+00 with 290 degrees of freedom
 Current data and model not fit yet.

Fit statistic  : C-Statistic                 1247.14     using 98 bins, spectrum 1, group 1.
                 C-Statistic                 3947.82     using 58 bins, spectrum 2, group 2.
                 C-Statistic                 1747.19     using 101 bins, spectrum 3, group 3.
                 C-Statistic                 5690.79     using 49 bins, spectrum 4, group 4.
Total fit statistic                         12632.95     with 291 d.o.f.

Test statistic : Chi-Squared                51179.47     using 306 bins.
 Null hypothesis probability of 0.00e+00 with 291 degrees of freedom
 Current data and model not fit yet.

Fit statistic  : C-Statistic                 1247.14     using 98 bins, spectrum 1, group 1.
                 C-Statistic                 3947.82     using 58 bins, spectrum 2, group 2.
                 C-Statistic                 1747.19     using 101 bins, spectrum 3, group 3.
                 C-Statistic                 5690.79     using 49 bins, spectrum 4, group 4.
Total fit statistic                         12632.95     with 290 d.o.f.

Test statistic : Chi-Squared                51179.47     using 306 bins.
 Null hypothesis probability of 0.00e+00 with 290 degrees of freedom
 Current data and model not fit yet.

Fit statistic  : C-Statistic                 1247.14     using 98 bins, spectrum 1, group 1.
                 C-Statistic                 3947.82     using 58 bins, spectrum 2, group 2.
                 C-Statistic                 1747.19     using 101 bins, spectrum 3, group 3.
                 C-Statistic                 5690.79     using 49 bins, spectrum 4, group 4.
Total fit statistic                         12632.95     with 291 d.o.f.

Test statistic : Chi-Squared                51179.47     using 306 bins.
 Null hypothesis probability of 0.00e+00 with 291 degrees of freedom
 Current data and model not fit yet.

Fit statistic  : C-Statistic                 1247.14     using 98 bins, spectrum 1, group 1.
                 C-Statistic                 3947.82     using 58 bins, spectrum 2, group 2.
                 C-Statistic                 1747.19     using 101 bins, spectrum 3, group 3.
                 C-Statistic                 5690.79     using 49 bins, spectrum 4, group 4.
Total fit statistic                         12632.95     with 290 d.o.f.

Test statistic : Chi-Squared                51179.47     using 306 bins.
 Null hypothesis probability of 0.00e+00 with 290 degrees of freedom
 Current data and model not fit yet.

Fit statistic  : C-Statistic                 1247.14     using 98 bins, spectrum 1, group 1.
                 C-Statistic                 3947.82     using 58 bins, spectrum 2, group 2.
                 C-Statistic                 1747.19     using 101 bins, spectrum 3, group 3.
                 C-Statistic                 5690.79     using 49 bins, spectrum 4, group 4.
Total fit statistic                         12632.95     with 291 d.o.f.

Test statistic : Chi-Squared                51179.47     using 306 bins.
 Null hypothesis probability of 0.00e+00 with 291 degrees of freedom
 Current data and model not fit yet.

Fit statistic  : C-Statistic                 1247.14     using 98 bins, spectrum 1, group 1.
                 C-Statistic                 3947.82     using 58 bins, spectrum 2, group 2.
                 C-Statistic                 1747.19     using 101 bins, spectrum 3, group 3.
                 C-Statistic                 5690.79     using 49 bins, spectrum 4, group 4.
Total fit statistic                         12632.95     with 290 d.o.f.

Test statistic : Chi-Squared                51179.47     using 306 bins.
 Null hypothesis probability of 0.00e+00 with 290 degrees of freedom
 Current data and model not fit yet.

Fit statistic  : C-Statistic                 1247.14     using 98 bins, spectrum 1, group 1.
                 C-Statistic                 3947.82     using 58 bins, spectrum 2, group 2.
                 C-Statistic                 1747.19     using 101 bins, spectrum 3, group 3.
                 C-Statistic                 5690.79     using 49 bins, spectrum 4, group 4.
Total fit statistic                         12632.95     with 291 d.o.f.

Test statistic : Chi-Squared                51179.47     using 306 bins.
 Null hypothesis probability of 0.00e+00 with 291 degrees of freedom
 Current data and model not fit yet.

Fit statistic  : C-Statistic                 1247.14     using 98 bins, spectrum 1, group 1.
                 C-Statistic                 3947.82     using 58 bins, spectrum 2, group 2.
                 C-Statistic                 1747.19     using 101 bins, spectrum 3, group 3.
                 C-Statistic                 5690.79     using 49 bins, spectrum 4, group 4.
Total fit statistic                         12632.95     with 290 d.o.f.

Test statistic : Chi-Squared                51179.47     using 306 bins.
 Null hypothesis probability of 0.00e+00 with 290 degrees of freedom
 Current data and model not fit yet.

Fit statistic  : C-Statistic                 1247.14     using 98 bins, spectrum 1, group 1.
                 C-Statistic                 3947.82     using 58 bins, spectrum 2, group 2.
                 C-Statistic                 1747.19     using 101 bins, spectrum 3, group 3.
                 C-Statistic                 5690.79     using 49 bins, spectrum 4, group 4.
Total fit statistic                         12632.95     with 291 d.o.f.

Test statistic : Chi-Squared                51179.47     using 306 bins.
 Null hypothesis probability of 0.00e+00 with 291 degrees of freedom
 Current data and model not fit yet.

Fit statistic  : C-Statistic                 1247.14     using 98 bins, spectrum 1, group 1.
                 C-Statistic                 3947.82     using 58 bins, spectrum 2, group 2.
                 C-Statistic                 1747.19     using 101 bins, spectrum 3, group 3.
                 C-Statistic                 5690.79     using 49 bins, spectrum 4, group 4.
Total fit statistic                         12632.95     with 290 d.o.f.

Test statistic : Chi-Squared                51179.47     using 306 bins.
 Null hypothesis probability of 0.00e+00 with 290 degrees of freedom
 Current data and model not fit yet.

Fit statistic  : C-Statistic                 1247.14     using 98 bins, spectrum 1, group 1.
                 C-Statistic                 3947.82     using 58 bins, spectrum 2, group 2.
                 C-Statistic                 1747.19     using 101 bins, spectrum 3, group 3.
                 C-Statistic                 5690.79     using 49 bins, spectrum 4, group 4.
Total fit statistic                         12632.95     with 291 d.o.f.

Test statistic : Chi-Squared                51179.47     using 306 bins.
 Null hypothesis probability of 0.00e+00 with 291 degrees of freedom
 Current data and model not fit yet.

Fit statistic  : C-Statistic                 1247.14     using 98 bins, spectrum 1, group 1.
                 C-Statistic                 3947.82     using 58 bins, spectrum 2, group 2.
                 C-Statistic                 1747.19     using 101 bins, spectrum 3, group 3.
                 C-Statistic                 5690.79     using 49 bins, spectrum 4, group 4.
Total fit statistic                         12632.95     with 290 d.o.f.

Test statistic : Chi-Squared                51179.47     using 306 bins.
 Null hypothesis probability of 0.00e+00 with 290 degrees of freedom
 Current data and model not fit yet.

Fit statistic  : C-Statistic                 1247.14     using 98 bins, spectrum 1, group 1.
                 C-Statistic                 3947.82     using 58 bins, spectrum 2, group 2.
                 C-Statistic                 1747.19     using 101 bins, spectrum 3, group 3.
                 C-Statistic                 5690.79     using 49 bins, spectrum 4, group 4.
Total fit statistic                         12632.95     with 291 d.o.f.

Test statistic : Chi-Squared                51179.47     using 306 bins.
 Null hypothesis probability of 0.00e+00 with 291 degrees of freedom
 Current data and model not fit yet.

Fit statistic  : C-Statistic                 1247.14     using 98 bins, spectrum 1, group 1.
                 C-Statistic                 3947.82     using 58 bins, spectrum 2, group 2.
                 C-Statistic                 1747.19     using 101 bins, spectrum 3, group 3.
                 C-Statistic                 5690.79     using 49 bins, spectrum 4, group 4.
Total fit statistic                         12632.95     with 290 d.o.f.

Test statistic : Chi-Squared                51179.47     using 306 bins.
 Null hypothesis probability of 0.00e+00 with 290 degrees of freedom
 Current data and model not fit yet.

Fit statistic  : C-Statistic                 1247.14     using 98 bins, spectrum 1, group 1.
                 C-Statistic                 3947.82     using 58 bins, spectrum 2, group 2.
                 C-Statistic                 1747.19     using 101 bins, spectrum 3, group 3.
                 C-Statistic                 5690.79     using 49 bins, spectrum 4, group 4.
Total fit statistic                         12632.95     with 291 d.o.f.

Test statistic : Chi-Squared                51179.47     using 306 bins.
 Null hypothesis probability of 0.00e+00 with 291 degrees of freedom
 Current data and model not fit yet.

Fit statistic  : C-Statistic                 1247.14     using 98 bins, spectrum 1, group 1.
                 C-Statistic                 3947.82     using 58 bins, spectrum 2, group 2.
                 C-Statistic                 1747.19     using 101 bins, spectrum 3, group 3.
                 C-Statistic                 5690.79     using 49 bins, spectrum 4, group 4.
Total fit statistic                         12632.95     with 290 d.o.f.

Test statistic : Chi-Squared                51179.47     using 306 bins.
 Null hypothesis probability of 0.00e+00 with 290 degrees of freedom
 Current data and model not fit yet.

Fit statistic  : C-Statistic                 1247.14     using 98 bins, spectrum 1, group 1.
                 C-Statistic                 3947.82     using 58 bins, spectrum 2, group 2.
                 C-Statistic                 1747.19     using 101 bins, spectrum 3, group 3.
                 C-Statistic                 5690.79     using 49 bins, spectrum 4, group 4.
Total fit statistic                         12632.95     with 291 d.o.f.

Test statistic : Chi-Squared                51179.47     using 306 bins.
 Null hypothesis probability of 0.00e+00 with 291 degrees of freedom
 Current data and model not fit yet.

Fit statistic  : C-Statistic                 1247.14     using 98 bins, spectrum 1, group 1.
                 C-Statistic                 3947.82     using 58 bins, spectrum 2, group 2.
                 C-Statistic                 1747.19     using 101 bins, spectrum 3, group 3.
                 C-Statistic                 5690.79     using 49 bins, spectrum 4, group 4.
Total fit statistic                         12632.95     with 290 d.o.f.

Test statistic : Chi-Squared                51179.47     using 306 bins.
 Null hypothesis probability of 0.00e+00 with 290 degrees of freedom
 Current data and model not fit yet.

Fit statistic  : C-Statistic                 1247.14     using 98 bins, spectrum 1, group 1.
                 C-Statistic                 3947.82     using 58 bins, spectrum 2, group 2.
                 C-Statistic                 1747.19     using 101 bins, spectrum 3, group 3.
                 C-Statistic                 5690.79     using 49 bins, spectrum 4, group 4.
Total fit statistic                         12632.95     with 291 d.o.f.

Test statistic : Chi-Squared                51179.47     using 306 bins.
 Null hypothesis probability of 0.00e+00 with 291 degrees of freedom
 Current data and model not fit yet.

Fit statistic  : C-Statistic                 1247.14     using 98 bins, spectrum 1, group 1.
                 C-Statistic                 3947.82     using 58 bins, spectrum 2, group 2.
                 C-Statistic                 1747.19     using 101 bins, spectrum 3, group 3.
                 C-Statistic                 5690.79     using 49 bins, spectrum 4, group 4.
Total fit statistic                         12632.95     with 290 d.o.f.

Test statistic : Chi-Squared                51179.47     using 306 bins.
 Null hypothesis probability of 0.00e+00 with 290 degrees of freedom
 Current data and model not fit yet.

Fit statistic  : C-Statistic                 1247.14     using 98 bins, spectrum 1, group 1.
                 C-Statistic                 3947.82     using 58 bins, spectrum 2, group 2.
                 C-Statistic                 1747.19     using 101 bins, spectrum 3, group 3.
                 C-Statistic                 5690.79     using 49 bins, spectrum 4, group 4.
Total fit statistic                         12632.95     with 291 d.o.f.

Test statistic : Chi-Squared                51179.47     using 306 bins.
 Null hypothesis probability of 0.00e+00 with 291 degrees of freedom
 Current data and model not fit yet.

Fit statistic  : C-Statistic                 1247.14     using 98 bins, spectrum 1, group 1.
                 C-Statistic                 3947.82     using 58 bins, spectrum 2, group 2.
                 C-Statistic                 1747.19     using 101 bins, spectrum 3, group 3.
                 C-Statistic                 5690.79     using 49 bins, spectrum 4, group 4.
Total fit statistic                         12632.95     with 290 d.o.f.

Test statistic : Chi-Squared                51179.47     using 306 bins.
 Null hypothesis probability of 0.00e+00 with 290 degrees of freedom
 Current data and model not fit yet.

Fit statistic  : C-Statistic                 1247.14     using 98 bins, spectrum 1, group 1.
                 C-Statistic                 3947.82     using 58 bins, spectrum 2, group 2.
                 C-Statistic                 1747.19     using 101 bins, spectrum 3, group 3.
                 C-Statistic                 5690.79     using 49 bins, spectrum 4, group 4.
Total fit statistic                         12632.95     with 291 d.o.f.

Test statistic : Chi-Squared                51179.47     using 306 bins.
 Null hypothesis probability of 0.00e+00 with 291 degrees of freedom
 Current data and model not fit yet.

Fit statistic  : C-Statistic                 1247.14     using 98 bins, spectrum 1, group 1.
                 C-Statistic                 3947.82     using 58 bins, spectrum 2, group 2.
                 C-Statistic                 1747.19     using 101 bins, spectrum 3, group 3.
                 C-Statistic                 5690.79     using 49 bins, spectrum 4, group 4.
Total fit statistic                         12632.95     with 290 d.o.f.

Test statistic : Chi-Squared                51179.47     using 306 bins.
 Null hypothesis probability of 0.00e+00 with 290 degrees of freedom
 Current data and model not fit yet.

Fit statistic  : C-Statistic                 1247.14     using 98 bins, spectrum 1, group 1.
                 C-Statistic                 3947.82     using 58 bins, spectrum 2, group 2.
                 C-Statistic                 1747.19     using 101 bins, spectrum 3, group 3.
                 C-Statistic                 5690.79     using 49 bins, spectrum 4, group 4.
Total fit statistic                         12632.95     with 291 d.o.f.

Test statistic : Chi-Squared                51179.47     using 306 bins.
 Null hypothesis probability of 0.00e+00 with 291 degrees of freedom
 Current data and model not fit yet.

Fit statistic  : C-Statistic                 1247.14     using 98 bins, spectrum 1, group 1.
                 C-Statistic                 3947.82     using 58 bins, spectrum 2, group 2.
                 C-Statistic                 1747.19     using 101 bins, spectrum 3, group 3.
                 C-Statistic                 5690.79     using 49 bins, spectrum 4, group 4.
Total fit statistic                         12632.95     with 290 d.o.f.

Test statistic : Chi-Squared                51179.47     using 306 bins.
 Null hypothesis probability of 0.00e+00 with 290 degrees of freedom
 Current data and model not fit yet.

Fit statistic  : C-Statistic                 1247.14     using 98 bins, spectrum 1, group 1.
                 C-Statistic                 3947.82     using 58 bins, spectrum 2, group 2.
                 C-Statistic                 1747.19     using 101 bins, spectrum 3, group 3.
                 C-Statistic                 5690.79     using 49 bins, spectrum 4, group 4.
Total fit statistic                         12632.95     with 291 d.o.f.

Test statistic : Chi-Squared                51179.47     using 306 bins.
 Null hypothesis probability of 0.00e+00 with 291 degrees of freedom
 Current data and model not fit yet.

Fit statistic  : C-Statistic                 1247.14     using 98 bins, spectrum 1, group 1.
                 C-Statistic                 3947.82     using 58 bins, spectrum 2, group 2.
                 C-Statistic                 1747.19     using 101 bins, spectrum 3, group 3.
                 C-Statistic                 5690.79     using 49 bins, spectrum 4, group 4.
Total fit statistic                         12632.95     with 290 d.o.f.

Test statistic : Chi-Squared                51179.47     using 306 bins.
 Null hypothesis probability of 0.00e+00 with 290 degrees of freedom
 Current data and model not fit yet.

Fit statistic  : C-Statistic                 1247.14     using 98 bins, spectrum 1, group 1.
                 C-Statistic                 3947.82     using 58 bins, spectrum 2, group 2.
                 C-Statistic                 1747.19     using 101 bins, spectrum 3, group 3.
                 C-Statistic                 5690.79     using 49 bins, spectrum 4, group 4.
Total fit statistic                         12632.95     with 291 d.o.f.

Test statistic : Chi-Squared                51179.47     using 306 bins.
 Null hypothesis probability of 0.00e+00 with 291 degrees of freedom
 Current data and model not fit yet.

Fit statistic  : C-Statistic                 1247.14     using 98 bins, spectrum 1, group 1.
                 C-Statistic                 3947.82     using 58 bins, spectrum 2, group 2.
                 C-Statistic                 1747.19     using 101 bins, spectrum 3, group 3.
                 C-Statistic                 5690.79     using 49 bins, spectrum 4, group 4.
Total fit statistic                         12632.95     with 292 d.o.f.

Test statistic : Chi-Squared                51179.47     using 306 bins.
 Null hypothesis probability of 0.00e+00 with 292 degrees of freedom
 Current data and model not fit yet.

Fit statistic  : C-Statistic                 1247.14     using 98 bins, spectrum 1, group 1.
                 C-Statistic                 3947.82     using 58 bins, spectrum 2, group 2.
                 C-Statistic                 1747.19     using 101 bins, spectrum 3, group 3.
                 C-Statistic                 5690.79     using 49 bins, spectrum 4, group 4.
Total fit statistic                         12632.95     with 293 d.o.f.

Test statistic : Chi-Squared                51179.47     using 306 bins.
 Null hypothesis probability of 0.00e+00 with 293 degrees of freedom
 Current data and model not fit yet.

Fit statistic  : C-Statistic                 1247.14     using 98 bins, spectrum 1, group 1.
                 C-Statistic                 3947.82     using 58 bins, spectrum 2, group 2.
                 C-Statistic                 1747.19     using 101 bins, spectrum 3, group 3.
                 C-Statistic                 5690.79     using 49 bins, spectrum 4, group 4.
Total fit statistic                         12632.95     with 294 d.o.f.

Test statistic : Chi-Squared                51179.47     using 306 bins.
 Null hypothesis probability of 0.00e+00 with 294 degrees of freedom
 Current data and model not fit yet.

Fit statistic  : C-Statistic                 1247.14     using 98 bins, spectrum 1, group 1.
                 C-Statistic                 3947.82     using 58 bins, spectrum 2, group 2.
                 C-Statistic                 1747.19     using 101 bins, spectrum 3, group 3.
                 C-Statistic                 5690.79     using 49 bins, spectrum 4, group 4.
Total fit statistic                         12632.95     with 295 d.o.f.

Test statistic : Chi-Squared                51179.47     using 306 bins.
 Null hypothesis probability of 0.00e+00 with 295 degrees of freedom
 Current data and model not fit yet.

Fit statistic  : C-Statistic                 1247.14     using 98 bins, spectrum 1, group 1.
                 C-Statistic                 3947.82     using 58 bins, spectrum 2, group 2.
                 C-Statistic                 1747.19     using 101 bins, spectrum 3, group 3.
                 C-Statistic                 5690.79     using 49 bins, spectrum 4, group 4.
Total fit statistic                         12632.95     with 295 d.o.f.

Test statistic : Chi-Squared                51179.47     using 306 bins.
 Null hypothesis probability of 0.00e+00 with 295 degrees of freedom
 Current data and model not fit yet.

Fit statistic  : C-Statistic                 1247.14     using 98 bins, spectrum 1, group 1.
                 C-Statistic                 3947.82     using 58 bins, spectrum 2, group 2.
                 C-Statistic                 1747.19     using 101 bins, spectrum 3, group 3.
                 C-Statistic                 5690.79     using 49 bins, spectrum 4, group 4.
Total fit statistic                         12632.95     with 295 d.o.f.

Test statistic : Chi-Squared                51179.47     using 306 bins.
 Null hypothesis probability of 0.00e+00 with 295 degrees of freedom
 Current data and model not fit yet.

Fit statistic  : C-Statistic                 1247.14     using 98 bins, spectrum 1, group 1.
                 C-Statistic                 3947.82     using 58 bins, spectrum 2, group 2.
                 C-Statistic                 1747.19     using 101 bins, spectrum 3, group 3.
                 C-Statistic                 5690.79     using 49 bins, spectrum 4, group 4.
Total fit statistic                         12632.95     with 295 d.o.f.

Test statistic : Chi-Squared                51179.47     using 306 bins.
 Null hypothesis probability of 0.00e+00 with 295 degrees of freedom
 Current data and model not fit yet.

Fit statistic  : C-Statistic                 1247.14     using 98 bins, spectrum 1, group 1.
                 C-Statistic                 3947.82     using 58 bins, spectrum 2, group 2.
                 C-Statistic                 1747.19     using 101 bins, spectrum 3, group 3.
                 C-Statistic                 5690.79     using 49 bins, spectrum 4, group 4.
Total fit statistic                         12632.95     with 295 d.o.f.

Test statistic : Chi-Squared                51179.47     using 306 bins.
 Null hypothesis probability of 0.00e+00 with 295 degrees of freedom
 Current data and model not fit yet.

Fit statistic  : C-Statistic                 1247.14     using 98 bins, spectrum 1, group 1.
                 C-Statistic                 3947.82     using 58 bins, spectrum 2, group 2.
                 C-Statistic                 1747.19     using 101 bins, spectrum 3, group 3.
                 C-Statistic                 5690.79     using 49 bins, spectrum 4, group 4.
Total fit statistic                         12632.95     with 295 d.o.f.

Test statistic : Chi-Squared                51179.47     using 306 bins.
 Null hypothesis probability of 0.00e+00 with 295 degrees of freedom
 Current data and model not fit yet.

Fit statistic  : C-Statistic                 1247.14     using 98 bins, spectrum 1, group 1.
                 C-Statistic                 3947.82     using 58 bins, spectrum 2, group 2.
                 C-Statistic                 1747.19     using 101 bins, spectrum 3, group 3.
                 C-Statistic                 5690.79     using 49 bins, spectrum 4, group 4.
Total fit statistic                         12632.95     with 296 d.o.f.

Test statistic : Chi-Squared                51179.47     using 306 bins.
 Null hypothesis probability of 0.00e+00 with 296 degrees of freedom
 Current data and model not fit yet.

Fit statistic  : C-Statistic                 1247.14     using 98 bins, spectrum 1, group 1.
                 C-Statistic                 3947.82     using 58 bins, spectrum 2, group 2.
                 C-Statistic                 1747.19     using 101 bins, spectrum 3, group 3.
                 C-Statistic                 5690.79     using 49 bins, spectrum 4, group 4.
Total fit statistic                         12632.95     with 295 d.o.f.

Test statistic : Chi-Squared                51179.47     using 306 bins.
 Null hypothesis probability of 0.00e+00 with 295 degrees of freedom
 Current data and model not fit yet.

Fit statistic  : C-Statistic                 1247.14     using 98 bins, spectrum 1, group 1.
                 C-Statistic                 3947.82     using 58 bins, spectrum 2, group 2.
                 C-Statistic                 1747.19     using 101 bins, spectrum 3, group 3.
                 C-Statistic                 5690.79     using 49 bins, spectrum 4, group 4.
Total fit statistic                         12632.95     with 295 d.o.f.

Test statistic : Chi-Squared                51179.47     using 306 bins.
 Null hypothesis probability of 0.00e+00 with 295 degrees of freedom
 Current data and model not fit yet.
  parameter isothermal_with_pileup_and_background:68 is not frozen.

Fit statistic  : C-Statistic                 1247.14     using 98 bins, spectrum 1, group 1.
                 C-Statistic                 3947.82     using 58 bins, spectrum 2, group 2.
                 C-Statistic                 1747.19     using 101 bins, spectrum 3, group 3.
                 C-Statistic                 5690.79     using 49 bins, spectrum 4, group 4.
Total fit statistic                         12632.95     with 295 d.o.f.

Test statistic : Chi-Squared                51179.47     using 306 bins.
 Null hypothesis probability of 0.00e+00 with 295 degrees of freedom
 Current data and model not fit yet.

Fit statistic  : C-Statistic                 2762.78     using 98 bins, spectrum 1, group 1.
                 C-Statistic                 3947.82     using 58 bins, spectrum 2, group 2.
                 C-Statistic                 1747.19     using 101 bins, spectrum 3, group 3.
                 C-Statistic                 5690.79     using 49 bins, spectrum 4, group 4.
Total fit statistic                         14148.59     with 295 d.o.f.

Test statistic : Chi-Squared                54785.80     using 306 bins.
 Null hypothesis probability of 0.00e+00 with 295 degrees of freedom
 Current data and model not fit yet.

Fit statistic  : C-Statistic                 2762.78     using 98 bins, spectrum 1, group 1.
                 C-Statistic                 3947.82     using 58 bins, spectrum 2, group 2.
                 C-Statistic                 1747.19     using 101 bins, spectrum 3, group 3.
                 C-Statistic                 5690.79     using 49 bins, spectrum 4, group 4.
Total fit statistic                         14148.59     with 295 d.o.f.

Test statistic : Chi-Squared                54785.80     using 306 bins.
 Null hypothesis probability of 0.00e+00 with 295 degrees of freedom
 Current data and model not fit yet.

Fit statistic  : C-Statistic                 2762.78     using 98 bins, spectrum 1, group 1.
                 C-Statistic                 3947.82     using 58 bins, spectrum 2, group 2.
                 C-Statistic                 5518.99     using 101 bins, spectrum 3, group 3.
                 C-Statistic                 5690.79     using 49 bins, spectrum 4, group 4.
Total fit statistic                         17920.38     with 295 d.o.f.

Test statistic : Chi-Squared                65005.37     using 306 bins.
 Null hypothesis probability of 0.00e+00 with 295 degrees of freedom
 Current data and model not fit yet.

Fit statistic  : C-Statistic                 2762.78     using 98 bins, spectrum 1, group 1.
                 C-Statistic                 3947.82     using 58 bins, spectrum 2, group 2.
                 C-Statistic                 5518.99     using 101 bins, spectrum 3, group 3.
                 C-Statistic                 5690.79     using 49 bins, spectrum 4, group 4.
Total fit statistic                         17920.38     with 295 d.o.f.

Test statistic : Chi-Squared                65005.37     using 306 bins.
 Null hypothesis probability of 0.00e+00 with 295 degrees of freedom
 Current data and model not fit yet.
Default fit statistic is set to: C-Statistic
   This will apply to all current and newly loaded spectra.

Fit statistic  : C-Statistic                 2762.78     using 98 bins, spectrum 1, group 1.
                 C-Statistic                 3947.82     using 58 bins, spectrum 2, group 2.
                 C-Statistic                 5518.99     using 101 bins, spectrum 3, group 3.
                 C-Statistic                 5690.79     using 49 bins, spectrum 4, group 4.
Total fit statistic                         17920.38     with 295 d.o.f.

Test statistic : Chi-Squared                65005.37     using 306 bins.
 Null hypothesis probability of 0.00e+00 with 295 degrees of freedom
 Current data and model not fit yet.
                                   Parameters
C-Statistic  |beta|/N    Lvl pileupFPMA:1: pileupFPMA:2: pileupFPMA:3: pileupFPMA:4: pileupFPMB:1: pileupFPMB:2: pileupFPMB:3: pileupFPMB:4: isothermal_wi isothermal_wi isothermal_wi
5165.36      613.46        4       1.50001       2.99999      0.999995      0.499302       1.50002       2.99998      0.999993      0.499300      0.580702       6.14808       12.3939
5162.99      615.159       3       1.50015       2.99985      0.999943      0.499279       1.50021       2.99974      0.999926      0.499257      0.580985       6.17304       12.4405
5139.31      614.92        2       1.50148       2.99852      0.999426      0.499044       1.50209       2.99742      0.999258      0.498821      0.583777       6.42078       12.9024
4911.74      612.543       1       1.51438       2.98555      0.994454      0.496754       1.52028       2.97479      0.992906      0.494549      0.609194       8.72197       17.1843
3396.9       589.992       0       1.60987       2.88234      0.959749      0.478821       1.65342       2.79445      0.954025      0.458981      0.732657       21.4598       40.5569
1605.35      454.746       0       1.75209       2.56418      0.935895      0.446738       1.83911       2.52518       1.02421      0.308101      0.788988       33.2413       60.7659
1578.09      238.684      -1       1.67053       2.52871       1.10915      0.555832       1.52678       2.58338       1.04316      0.110303      0.761124       42.6317       71.6337
1302.02      289.389       0       1.84273       2.51114       1.06905      0.529172       1.44227       2.71687       1.00533      0.121928      0.760884       43.3161       72.3887
1230.06      135.043       0       1.93447       2.50312       1.06294      0.520985       1.39997       2.79904      0.937349      0.128732      0.757630       43.5230       72.3085
1203.43      74.8721       0       2.00145       2.50095       1.06720      0.518928       1.37535       2.84635      0.868787      0.131971      0.754159       43.7465       72.2359
1189.88      53.1102       0       2.06154       2.50041       1.07582      0.519207       1.35397       2.87822      0.810101      0.133073      0.751102       44.0520       72.2877
1180.88      45.0027       0       2.12234       2.50014       1.08677      0.520519       1.33296       2.90318      0.760428      0.132925      0.748447       44.4144       72.4258
1173.67      41.7936       0       2.18814       2.50001       1.09923      0.522383       1.31238       2.92462      0.717118      0.132058      0.746103       44.8065       72.6076
1167.12      40.352        0       2.26243       2.50000       1.11285      0.524602       1.29260       2.94404      0.678017      0.130794      0.744002       45.2103       72.8051
1160.61      39.4894       0       2.34887       2.50000       1.12748      0.527111       1.27391       2.96214      0.641674      0.129328      0.742097       45.6151       73.0017
1153.83      38.6883       0       2.45187       2.50000       1.14308      0.529925       1.25646       2.97923      0.607195      0.127779      0.740357       46.0145       73.1878
1146.54      37.7884       0       2.57743       2.50000       1.15966      0.533091       1.24028       2.99540      0.574083      0.126219      0.738761       46.4049       73.3583
1138.55      36.7227       0       2.73425       2.50000       1.17723      0.536685       1.22537       3.01062      0.542142      0.124696      0.737292       46.7842       73.5106
1129.63      35.4559       0       2.93548       2.50000       1.19579      0.540803       1.21169       3.02478      0.511416      0.123239      0.735937       47.1512       73.6435
1119.6       33.9674       0       3.20186       2.50000       1.21528      0.545562       1.19924       3.03775      0.482177      0.121874      0.734684       47.5054       73.7569
1108.29      32.2509       0       3.56764       2.50000       1.23558      0.551093       1.18803       3.04935      0.454893      0.120620      0.733522       47.8465       73.8515
1095.68      30.3271       0       4.09253       2.50000       1.25646      0.557532       1.17807       3.05942      0.430170      0.119495      0.732440       48.1746       73.9283
1081.91      28.2647       0       4.88803       2.50000       1.27755      0.564992       1.16939       3.06788      0.408621      0.118512      0.731428       48.4898       73.9884
1079.37      26.2178       0       4.96061       2.50000       1.27550      0.563662       1.16857       3.06864      0.406307      0.118420      0.731320       48.5206       73.9952
1078.18      23.8256       0       4.98045       2.50000       1.27376      0.562561       1.16776       3.06939      0.404065      0.118330      0.731213       48.5517       74.0020
1077.28      22.3588       0       4.99285       2.50000       1.27223      0.561603       1.16695       3.07014      0.401893      0.118241      0.731108       48.5828       74.0088
1076.65      21.1526       0       4.99653       2.50000       1.27086      0.560763       1.16614       3.07087      0.399788      0.118153      0.731004       48.6139       74.0154
1076.14      20.1865       0       4.99845       2.50000       1.26962      0.560019       1.16535       3.07159      0.397747      0.118067      0.730901       48.6451       74.0218
1075.7       19.3503       0       4.99943       2.50000       1.26850      0.559358       1.16456       3.07230      0.395767      0.117982      0.730799       48.6762       74.0281
1075.33      18.619        0       4.99992       2.50000       1.26748      0.558771       1.16379       3.07299      0.393846      0.117898      0.730698       48.7073       74.0341
1075.01      17.9745       0       4.99998       2.50000       1.26655      0.558249       1.16302       3.07366      0.391983      0.117816      0.730597       48.7384       74.0400
1074.73      17.4056       0       4.99999       2.50000       1.26571      0.557785       1.16227       3.07432      0.390176      0.117734      0.730496       48.7694       74.0457
1074.34      15.2195       0       5.00000       2.50000       1.26431      0.557018       1.16153       3.07497      0.388424      0.117655      0.730396       48.8001       74.0512
1074         14.2652       0       5.00000       2.50000       1.26304      0.556342       1.16081       3.07560      0.386725      0.117576      0.730296       48.8309       74.0566
1073.72      13.4289       0       5.00000       2.50000       1.26190      0.555747       1.16009       3.07621      0.385078      0.117499      0.730197       48.8616       74.0618
1073.47      12.6958       0       5.00000       2.50000       1.26085      0.555224       1.15939       3.07681      0.383481      0.117423      0.730098       48.8923       74.0668
1073.26      12.0523       0       5.00000       2.50000       1.25991      0.554765       1.15871       3.07739      0.381933      0.117348      0.730001       48.9229       74.0716
1073.07      11.4866       0       5.00000       2.50000       1.25905      0.554362       1.15803       3.07795      0.380434      0.117275      0.729903       48.9535       74.0762
1072.91      10.9882       0       5.00000       2.50000       1.25826      0.554009       1.15738       3.07850      0.378981      0.117204      0.729806       48.9840       74.0807
1072.77      10.5478       0       5.00000       2.50000       1.25754      0.553700       1.15673       3.07904      0.377574      0.117133      0.729710       49.0144       74.0849
1072.64      10.1574       0       5.00000       2.50000       1.25689      0.553431       1.15610       3.07956      0.376212      0.117064      0.729614       49.0448       74.0890
1072.52      9.81025       0       5.00000       2.50000       1.25629      0.553195       1.15548       3.08006      0.374893      0.116997      0.729518       49.0751       74.0929
1072.42      9.50002       0       5.00000       2.50000       1.25574      0.552991       1.15488       3.08056      0.373617      0.116931      0.729423       49.1054       74.0966
1072.33      9.22179       0       5.00000       2.50000       1.25524      0.552814       1.15429       3.08103      0.372383      0.116866      0.729329       49.1355       74.1002
1072.24      8.97098       0       5.00000       2.50000       1.25477      0.552660       1.15371       3.08150      0.371189      0.116803      0.729234       49.1656       74.1036
1072.16      8.74385       0       5.00000       2.50000       1.25434      0.552528       1.15315       3.08194      0.370034      0.116742      0.729140       49.1956       74.1068
1072.09      8.53716       0       5.00000       2.50000       1.25395      0.552415       1.15260       3.08238      0.368917      0.116681      0.729047       49.2256       74.1098
1072.02      8.34814       0       5.00000       2.50000       1.25359      0.552318       1.15206       3.08280      0.367838      0.116623      0.728953       49.2554       74.1127
1071.96      8.17463       0       5.00000       2.50000       1.25325      0.552236       1.15153       3.08321      0.366795      0.116565      0.728860       49.2852       74.1154
1071.9       8.01454       0       5.00000       2.50000       1.25294      0.552166       1.15102       3.08361      0.365787      0.116509      0.728768       49.3149       74.1180
1071.85      7.86629       0       5.00000       2.50000       1.25265      0.552108       1.15052       3.08400      0.364814      0.116455      0.728676       49.3446       74.1205
1071.33      8.57853       0       5.00000       2.50000       1.24856      0.550876       1.14644       3.08704      0.357273      0.116019      0.727792       49.6284       74.1256
1069.72      6.69293      -1       5.00000       2.50000       1.24400      0.550685       1.13219       3.09350      0.339032      0.115148      0.721841       51.9122       73.3147
1068.37      4.6313       -1       5.00000       2.50000       1.24220      0.551024       1.12715       3.09241      0.339698      0.115422      0.715922       54.2428       72.3848
1067.17      4.55848      -1       5.00000       2.50000       1.24147      0.551178       1.12381       3.09120      0.340658      0.115834      0.709954       56.6873       71.4156
1066.23      2.19531      -1       5.00000       2.50000       1.24121      0.551197       1.12062       3.08997      0.341502      0.116200      0.705769       59.0642       70.1645
1065.44      1.56834      -1       5.00000       2.50000       1.24115      0.551141       1.11818       3.08893      0.342094      0.116478      0.702818       61.3793       68.6601
1064.72      1.06085      -1       5.00000       2.50000       1.24118      0.551041       1.11641       3.08814      0.342520      0.116680      0.700770       63.6754       66.9677
1064         0.76647      -1       5.00000       2.50000       1.24125      0.550912       1.11516       3.08757      0.342813      0.116821      0.699375       65.9928       65.1406
1063.27      0.780395     -1       5.00000       2.50000       1.24135      0.550760       1.11432       3.08719      0.343003      0.116913      0.698450       68.3675       63.2188
1062.5       0.983957     -1       5.00000       2.50000       1.24146      0.550590       1.11376       3.08694      0.343114      0.116968      0.697864       70.8318       61.2316
1061.7       1.22873      -1       5.00000       2.50000       1.24158      0.550402       1.11343       3.08680      0.343165      0.116996      0.697520       73.4146       59.1998
1060.83      1.46583      -1       5.00000       2.50000       1.24172      0.550197       1.11325       3.08674      0.343170      0.117003      0.697354       76.1437       57.1384
1059.9       1.68782      -1       5.00000       2.50000       1.24186      0.549973       1.11319       3.08674      0.343141      0.116994      0.697318       79.0460       55.0574
1058.91      1.8992       -1       5.00000       2.50000       1.24201      0.549730       1.11321       3.08679      0.343084      0.116973      0.697379       82.1493       52.9641
1057.83      2.10716      -1       5.00000       2.50000       1.24217      0.549466       1.11331       3.08687      0.343005      0.116943      0.697517       85.4831       50.8633
1056.66      2.31852      -1       5.00000       2.50000       1.24235      0.549179       1.11345       3.08698      0.342908      0.116904      0.697717       89.0800       48.7587
1055.4       2.54032      -1       5.00000       2.50000       1.24254      0.548866       1.11364       3.08711      0.342794      0.116858      0.697970       92.9764       46.6525
1054.01      2.77883      -1       5.00000       2.50000       1.24275      0.548524       1.11387       3.08727      0.342665      0.116805      0.698272       97.2143       44.5467
1052.5       3.04025      -1       5.00000       2.50000       1.24298      0.548148       1.11414       3.08745      0.342520      0.116746      0.698619       101.842       42.4426
1050.83      3.33165      -1       5.00000       2.50000       1.24323      0.547734       1.11444       3.08765      0.342360      0.116680      0.699013       106.918       40.3412
1048.99      3.66029      -1       5.00000       2.50000       1.24350      0.547276       1.11478       3.08787      0.342183      0.116607      0.699457       112.511       38.2434
1046.95      4.03461      -1       5.00000       2.50000       1.24380      0.546766       1.11516       3.08812      0.341988      0.116525      0.699955       118.702       36.1500
1044.67      4.4652       -1       5.00000       2.50000       1.24413      0.546197       1.11558       3.08839      0.341773      0.116435      0.700514       125.592       34.0619
1042.11      4.96398      -1       5.00000       2.50000       1.24450      0.545557       1.11606       3.08870      0.341535      0.116335      0.701143       133.306       31.9799
1039.22      5.54843      -1       5.00000       2.50000       1.24492      0.544831       1.11659       3.08903      0.341270      0.116224      0.701853       141.996       29.9048
1035.93      6.2384       -1       5.00000       2.50000       1.24539      0.544004       1.11719       3.08941      0.340975      0.116099      0.702661       151.857       27.8377
1032.15      7.06033      -1       5.00000       2.50000       1.24593      0.543051       1.11787       3.08984      0.340645      0.115957      0.703585       163.134       25.7798
1027.77      8.05023      -1       5.00000       2.50000       1.24655      0.541944       1.11864       3.09032      0.340272      0.115797      0.704651       176.148       23.7326
1022.64      9.25614      -1       5.00000       2.50000       1.24726      0.540643       1.11953       3.09086      0.339849      0.115614      0.705893       191.320       21.6979
1016.56      10.7429      -1       5.00000       2.50000       1.24810      0.539094       1.12056       3.09149      0.339366      0.115404      0.707356       209.211       19.6781
1009.25      12.6016      -1       5.00000       2.50000       1.24909      0.537223       1.12177       3.09221      0.338809      0.115159      0.709100       230.593       17.6760
932.916      14.9617      -2       5.00000       2.50000       1.25760      0.517970       1.12430       3.09375      0.337825      0.114772      0.712391       470.372       8.42814
899.816      43.2965      -1       5.00000       2.50000       1.26262      0.509074       1.12923       3.09699      0.334368      0.113219      0.721384       565.116       6.62407
851.914      65.1421      -1       5.00000       2.50000       1.26847      0.495370       1.13682       3.10084      0.331920      0.111981      0.732286       701.042       4.98813
788.112      86.7069      -1       5.00000       2.50000       1.27568      0.474992       1.14942       3.10574      0.330494      0.110664      0.742611       902.352       3.60300
642.067      111.178      -2       5.00000       2.50000       1.31818      0.373833       1.14205       3.10060      0.336276      0.112782      0.732120       2142.81       1.33783
531.365      281.999      -3       5.00000       2.50000       1.35012      0.351933       1.11628       3.08713      0.340194      0.116069      0.706787       3095.22       1.24230
520.368      86.6162      -4       5.00000       2.50000       1.36417      0.355726       1.10414       3.08066      0.348879      0.118688      0.683205       3622.67       1.27332
518.33       35.2669      -5       5.00000       2.50000       1.37131      0.357053       1.09686       3.07694      0.351854      0.119977      0.676632       3830.57       1.27301
517.665      5.90913      -6       5.00000       2.50000       1.37659      0.358922       1.09183       3.07325      0.357855      0.121414      0.662867       4122.64       1.27436
517.56       12.3586      -7       5.00000       2.50000       1.37777      0.358696       1.09181       3.07339      0.357347      0.121450      0.663807       4127.16       1.27286
517.56       0.0434463    -8       5.00000       2.50000       1.37801      0.358677       1.09181       3.07336      0.357432      0.121455      0.663782       4127.70       1.27293
516.769      0.875675      0       4.47522       2.52547       1.37221      0.356587       1.09180       3.07337      0.357433      0.121457      0.663760       4127.98       1.27297
512.792      10.1048      -1       3.37150       2.56588       1.31746      0.334895       1.09266       3.07410      0.356139      0.121076      0.665822       4160.54       1.24992
508.746      7.83536      -1       2.61359       2.57034       1.25597      0.319763       1.09380       3.07502      0.354827      0.120748      0.668158       4184.11       1.22614
502.347      8.38225      -1       1.99613       2.55151       1.17111      0.306276       1.09493       3.07580      0.353770      0.120484      0.670351       4200.22       1.20579
491.807      11.974       -1       1.59166       2.53457       1.04162      0.292136       1.09593       3.07647      0.352910      0.120259      0.672279       4216.52       1.18777
482.064      11.3361      -1       1.40939       2.56554      0.892049      0.277017       1.09683       3.07708      0.352124      0.120048      0.674090       4235.47       1.17034
472.008      5.03899      -2       1.23087       2.89025      0.575833      0.210837       1.10344       3.08153      0.345868      0.118558      0.687386       4251.27       1.07723
467.457      12.2085      -3       1.29926       2.93070      0.531307      0.210679       1.11548       3.08723      0.341840      0.116924      0.700837       3919.93       1.08161
467.35       6.84514      -4       1.31309       2.92492      0.547737      0.212049       1.11839       3.08790      0.342475      0.116692      0.703294       3874.56       1.08303
467.348      0.27853      -5       1.31184       2.92804      0.543098      0.211541       1.11832       3.08791      0.342297      0.116687      0.703406       3875.44       1.08220
==========================================================================================
 Variances and Principal Axes
         pileupFPMA:1pileupFPMA:2pileupFPMA:3pileupFPMA:4pileupFPMB:1pileupFPMB:2pileupFPMB:3pileupFPMB:4isothermal_with_pileup_and_background:27isothermal_with_pileup_and_background:42isothermal_with_pileup_and_background:68  
 7.7579E-06| -0.0124   0.0175   0.0044   0.1640  -0.0237   0.0306   0.0019   0.5456   0.8172   0.0000   0.0748  
 1.7912E-05| -0.0263   0.0430   0.0076   0.3678   0.0329  -0.0549   0.0011  -0.8024   0.4628   0.0000   0.0086  
 4.1655E-05|  0.0563  -0.1265  -0.0059  -0.9012   0.0084  -0.0225   0.0028  -0.2284   0.3304   0.0000   0.0824  
 8.0979E-04|  0.5858  -0.5161  -0.6144   0.1138   0.0037  -0.0032  -0.0015  -0.0001   0.0000   0.0000   0.0070  
 9.1172E-04| -0.0000   0.0163  -0.0019   0.0095   0.7371  -0.5540  -0.3436   0.0646  -0.0175   0.0000   0.1641  
 1.9730E-03|  0.0588   0.1651  -0.0656   0.0404  -0.1132   0.0793   0.0979  -0.0255  -0.0879   0.0000   0.9624  
 3.4290E-03|  0.0134   0.0267  -0.0089   0.0012  -0.5721  -0.8144   0.0862   0.0304  -0.0058  -0.0000  -0.0147  
 6.4505E-03| -0.7208  -0.6642  -0.1179   0.0542  -0.0172  -0.0189   0.0334   0.0018  -0.0210  -0.0000   0.1419  
 7.2150E-03|  0.0176   0.0119   0.0066  -0.0011   0.3382  -0.1369   0.9294   0.0242   0.0010  -0.0000  -0.0454  
 1.3594E-02|  0.3595  -0.4959   0.7773   0.0903  -0.0170  -0.0081   0.0044   0.0014  -0.0173   0.0000   0.1089  
 9.0970E+04|  0.0000  -0.0000   0.0000   0.0000   0.0000   0.0000  -0.0000  -0.0000   0.0000  -1.0000   0.0001  
------------------------------------------------------------------------------------------

====================================================================================================================================
  Covariance Matrix
        1           2           3           4           5           6           7           8           9          10          11   
   5.619e-03   4.363e-04   4.106e-03   2.564e-04   1.360e-04   6.800e-05  -5.757e-05  -1.904e-05   1.740e-04  -4.500e+00   2.331e-04
   4.363e-04   6.463e-03  -4.501e-03  -8.705e-04   1.340e-04   6.701e-05  -5.674e-05  -1.876e-05   1.715e-04   1.129e-01  -1.042e-03
   4.106e-03  -4.501e-03   8.632e-03   8.542e-04  -8.646e-05  -4.324e-05   3.661e-05   1.211e-05  -1.106e-04  -1.171e+00   9.789e-04
   2.564e-04  -8.705e-04   8.542e-04   1.806e-04  -2.798e-05  -1.399e-05   1.185e-05   3.918e-06  -3.580e-05  -2.176e-01   2.717e-04
   1.360e-04   1.340e-04  -8.646e-05  -2.798e-05   2.554e-03   9.174e-04   1.807e-03   3.623e-05   1.306e-04  -2.698e+00  -7.629e-05
   6.800e-05   6.701e-05  -4.324e-05  -1.399e-05   9.174e-04   2.725e-03  -9.911e-04  -1.502e-04   6.533e-05  -1.349e+00   1.998e-04
  -5.757e-05  -5.674e-05   3.661e-05   1.185e-05   1.807e-03  -9.911e-04   6.406e-03   1.514e-04  -5.531e-05   1.142e+00  -2.009e-04
  -1.904e-05  -1.876e-05   1.211e-05   3.918e-06   3.623e-05  -1.502e-04   1.514e-04   3.012e-05  -1.829e-05   3.778e-01  -6.613e-05
   1.740e-04   1.715e-04  -1.106e-04  -3.580e-05   1.306e-04   6.533e-05  -5.531e-05  -1.829e-05   1.672e-04  -3.453e+00  -1.948e-05
  -4.500e+00   1.129e-01  -1.171e+00  -2.176e-01  -2.698e+00  -1.349e+00   1.142e+00   3.778e-01  -3.453e+00   9.097e+04  -5.093e+00
   2.331e-04  -1.042e-03   9.789e-04   2.717e-04  -7.629e-05   1.998e-04  -2.009e-04  -6.613e-05  -1.948e-05  -5.093e+00   2.444e-03
------------------------------------------------------------------------------------------------------------------------------------

========================================================================
Model isothermal_with_pileup_and_background:expmodgauss<1> + constant<2>*vapec<3> + expmodgauss<4> + constant<5>*vapec<6> Source No.: 1   Active/On
Model Model Component  Parameter  Unit     Value
 par  comp
                           Data group: 1
   1    1   expmodgausslam        ct/keV/s 1.74658      frozen
   2    1   expmodgaussmu         keV      2.87127      frozen
   3    1   expmodgausssigma      keV      0.740399     frozen
   4    1   expmodgaussnorm                0.264426     = 1.25*pileupFPMA:p4
   5    2   constant   factor              1.00000      frozen
   6    3   vapec      kT         keV      0.402718     frozen
   7    3   vapec      He                  1.00000      frozen
   8    3   vapec      C                   1.00000      frozen
   9    3   vapec      N                   1.00000      frozen
  10    3   vapec      O                   1.00000      frozen
  11    3   vapec      Ne                  1.00000      frozen
  12    3   vapec      Mg                  1.00000      frozen
  13    3   vapec      Al                  1.00000      frozen
  14    3   vapec      Si                  1.00000      frozen
  15    3   vapec      S                   1.00000      frozen
  16    3   vapec      Ar                  1.00000      frozen
  17    3   vapec      Ca                  1.00000      frozen
  18    3   vapec      Fe                  1.00000      frozen
  19    3   vapec      Ni                  1.00000      frozen
  20    3   vapec      Redshift            0.0          frozen
  21    3   vapec      norm                1.48477E+05  frozen
  22    4   expmodgausslam        ct/keV/s 1.31184      = pileupFPMA:p1
  23    4   expmodgaussmu         keV      2.92804      = pileupFPMA:p2
  24    4   expmodgausssigma      keV      0.543098     = pileupFPMA:p3
  25    4   expmodgaussnorm                0.211541     = pileupFPMA:p4
  26    5   constant   factor              1.00000      frozen
  27    6   vapec      kT         keV      0.703406     +/-  1.29290E-02  
  28    6   vapec      He                  1.00000      frozen
  29    6   vapec      C                   1.00000      frozen
  30    6   vapec      N                   1.00000      frozen
  31    6   vapec      O                   1.00000      frozen
  32    6   vapec      Ne                  1.00000      frozen
  33    6   vapec      Mg                  1.00000      frozen
  34    6   vapec      Al                  1.00000      frozen
  35    6   vapec      Si                  1.00000      frozen
  36    6   vapec      S                   1.00000      frozen
  37    6   vapec      Ar                  1.00000      frozen
  38    6   vapec      Ca                  1.00000      frozen
  39    6   vapec      Fe                  1.00000      frozen
  40    6   vapec      Ni                  1.00000      frozen
  41    6   vapec      Redshift            0.0          frozen
  42    6   vapec      norm                3875.44      +/-  301.612      
                           Data group: 3
  43    1   expmodgausslam        ct/keV/s 1.49865      frozen
  44    1   expmodgaussmu         keV      3.16074      frozen
  45    1   expmodgausssigma      keV      0.530616     frozen
  46    1   expmodgaussnorm                0.145858     = 1.25*pileupFPMB:p4
  47    2   constant   factor              0.892103     frozen
  48    3   vapec      kT         keV      0.402718     frozen
  49    3   vapec      He                  1.00000      frozen
  50    3   vapec      C                   1.00000      frozen
  51    3   vapec      N                   1.00000      frozen
  52    3   vapec      O                   1.00000      frozen
  53    3   vapec      Ne                  1.00000      frozen
  54    3   vapec      Mg                  1.00000      frozen
  55    3   vapec      Al                  1.00000      frozen
  56    3   vapec      Si                  1.00000      frozen
  57    3   vapec      S                   1.00000      frozen
  58    3   vapec      Ar                  1.00000      frozen
  59    3   vapec      Ca                  1.00000      frozen
  60    3   vapec      Fe                  1.00000      frozen
  61    3   vapec      Ni                  1.00000      frozen
  62    3   vapec      Redshift            0.0          frozen
  63    3   vapec      norm                1.48477E+05  frozen
  64    4   expmodgausslam        ct/keV/s 1.11832      = pileupFPMB:p1
  65    4   expmodgaussmu         keV      3.08791      = pileupFPMB:p2
  66    4   expmodgausssigma      keV      0.342297     = pileupFPMB:p3
  67    4   expmodgaussnorm                0.116687     = pileupFPMB:p4
  68    5   constant   factor              1.08220      +/-  4.94417E-02  
  69    6   vapec      kT         keV      0.703406     = isothermal_with_pileup_and_background:p27
  70    6   vapec      He                  1.00000      = isothermal_with_pileup_and_background:p28
  71    6   vapec      C                   1.00000      = isothermal_with_pileup_and_background:p29
  72    6   vapec      N                   1.00000      = isothermal_with_pileup_and_background:p30
  73    6   vapec      O                   1.00000      = isothermal_with_pileup_and_background:p31
  74    6   vapec      Ne                  1.00000      = isothermal_with_pileup_and_background:p32
  75    6   vapec      Mg                  1.00000      = isothermal_with_pileup_and_background:p33
  76    6   vapec      Al                  1.00000      = isothermal_with_pileup_and_background:p34
  77    6   vapec      Si                  1.00000      = isothermal_with_pileup_and_background:p35
  78    6   vapec      S                   1.00000      = isothermal_with_pileup_and_background:p36
  79    6   vapec      Ar                  1.00000      = isothermal_with_pileup_and_background:p37
  80    6   vapec      Ca                  1.00000      = isothermal_with_pileup_and_background:p38
  81    6   vapec      Fe                  1.00000      = isothermal_with_pileup_and_background:p39
  82    6   vapec      Ni                  1.00000      = isothermal_with_pileup_and_background:p40
  83    6   vapec      Redshift            0.0          = isothermal_with_pileup_and_background:p41
  84    6   vapec      norm                3875.44      = isothermal_with_pileup_and_background:p42
________________________________________________________________________


========================================================================
Model pileupFPMA:expmodgauss<1> Source No.: 2   Active/On
Model Model Component  Parameter  Unit     Value
 par  comp
                           Data group: 2
   1    1   expmodgausslam        ct/keV/s 1.31184      +/-  7.49581E-02  
   2    1   expmodgaussmu         keV      2.92804      +/-  8.03950E-02  
   3    1   expmodgausssigma      keV      0.543098     +/-  9.29101E-02  
   4    1   expmodgaussnorm                0.211541     +/-  1.34392E-02  
________________________________________________________________________


========================================================================
Model pileupFPMB:expmodgauss<1> Source No.: 3   Active/On
Model Model Component  Parameter  Unit     Value
 par  comp
                           Data group: 4
   1    1   expmodgausslam        ct/keV/s 1.11832      +/-  5.05356E-02  
   2    1   expmodgaussmu         keV      3.08791      +/-  5.21992E-02  
   3    1   expmodgausssigma      keV      0.342297     +/-  8.00362E-02  
   4    1   expmodgaussnorm                0.116687     +/-  5.48778E-03  
________________________________________________________________________


Fit statistic  : C-Statistic                  147.18     using 98 bins, spectrum 1, group 1.
                 C-Statistic                   84.70     using 58 bins, spectrum 2, group 2.
                 C-Statistic                  179.08     using 101 bins, spectrum 3, group 3.
                 C-Statistic                   56.39     using 49 bins, spectrum 4, group 4.
Total fit statistic                           467.35     with 295 d.o.f.

Test statistic : Chi-Squared                  466.01     using 306 bins.
 Null hypothesis probability of 7.86e-10 with 295 degrees of freedom
 Parameter   Confidence Range (2.706)
    27     0.682365     0.730634    (-0.0210302,0.0272395)
    42      3375.36      4573.23    (-499.865,698.008)
     1      1.20447       1.4664    (-0.107789,0.15414)
     2       2.7658      3.03411    (-0.161604,0.106703)
     3     0.420019     0.688168    (-0.12409,0.144058)
     4      0.19416     0.238848    (-0.0174904,0.0271975)
    68      1.00564      1.17188    (-0.0766887,0.0895535)
     1      1.04347       1.2146    (-0.0748517,0.0962764)
     2      2.98466      3.16759    (-0.103235,0.0796904)
     3     0.236079     0.492559    (-0.106242,0.150238)
     4     0.108357     0.127098    (-0.00833201,0.0104093)
