
Previous model: isothermal for source #: 1 has been rendered inactive.

========================================================================
Model pileup:expmodgauss<1> Source No.: 1   Active/On
Model Model Component  Parameter  Unit     Value
 par  comp
                           Data group: 1
   1    1   expmodgausslam        ct/keV/s 3.00000      +/-  0.0          
   2    1   expmodgaussmu         keV      3.00000      +/-  0.0          
   3    1   expmodgausssigma      keV      1.00000      +/-  0.0          
   4    1   expmodgaussnorm                1.00000      +/-  0.0          
                           Data group: 2
   5    1   expmodgausslam        ct/keV/s 3.00000      = pileup:p1
   6    1   expmodgaussmu         keV      3.00000      = pileup:p2
   7    1   expmodgausssigma      keV      1.00000      = pileup:p3
   8    1   expmodgaussnorm                1.00000      = pileup:p4
________________________________________________________________________


Fit statistic  : C-Statistic                  459.84     using 4096 bins, spectrum 1, group 1.
                 C-Statistic                  660.37     using 4096 bins, spectrum 2, group 2.
Total fit statistic                          1120.21     with 8188 d.o.f.

Test statistic : Chi-Squared                 1019.68     using 8192 bins.

***Warning: Chi-square may not be valid due to bins with zero variance
            in spectrum number(s): 1 2 

 Null hypothesis probability of 1.00e+00 with 8188 degrees of freedom
 Current data and model not fit yet.

Fit statistic  : C-Statistic                  458.59     using 4096 bins, spectrum 1, group 1.
                 C-Statistic                  658.82     using 4096 bins, spectrum 2, group 2.
Total fit statistic                          1117.41     with 8188 d.o.f.

Test statistic : Chi-Squared                 1008.68     using 8192 bins.

***Warning: Chi-square may not be valid due to bins with zero variance
            in spectrum number(s): 1 2 

 Null hypothesis probability of 1.00e+00 with 8188 degrees of freedom
 Current data and model not fit yet.

Fit statistic  : C-Statistic                  458.59     using 4096 bins, spectrum 1, group 1.
                 C-Statistic                  658.82     using 4096 bins, spectrum 2, group 2.
Total fit statistic                          1117.41     with 8188 d.o.f.

Test statistic : Chi-Squared                 1008.68     using 8192 bins.

***Warning: Chi-square may not be valid due to bins with zero variance
            in spectrum number(s): 1 2 

 Null hypothesis probability of 1.00e+00 with 8188 degrees of freedom
 Current data and model not fit yet.

Fit statistic  : C-Statistic                  458.59     using 4096 bins, spectrum 1, group 1.
                 C-Statistic                  658.82     using 4096 bins, spectrum 2, group 2.
Total fit statistic                          1117.41     with 8188 d.o.f.

Test statistic : Chi-Squared                 1008.68     using 8192 bins.

***Warning: Chi-square may not be valid due to bins with zero variance
            in spectrum number(s): 1 2 

 Null hypothesis probability of 1.00e+00 with 8188 degrees of freedom
 Current data and model not fit yet.

Fit statistic  : C-Statistic                  458.59     using 4096 bins, spectrum 1, group 1.
                 C-Statistic                  658.82     using 4096 bins, spectrum 2, group 2.
Total fit statistic                          1117.41     with 8188 d.o.f.

Test statistic : Chi-Squared                 1008.68     using 8192 bins.

***Warning: Chi-square may not be valid due to bins with zero variance
            in spectrum number(s): 1 2 

 Null hypothesis probability of 1.00e+00 with 8188 degrees of freedom
 Current data and model not fit yet.

Fit statistic  : C-Statistic                  458.59     using 4096 bins, spectrum 1, group 1.
                 C-Statistic                  658.82     using 4096 bins, spectrum 2, group 2.
Total fit statistic                          1117.41     with 8188 d.o.f.

Test statistic : Chi-Squared                 1008.68     using 8192 bins.

***Warning: Chi-square may not be valid due to bins with zero variance
            in spectrum number(s): 1 2 

 Null hypothesis probability of 1.00e+00 with 8188 degrees of freedom
 Current data and model not fit yet.

Fit statistic  : C-Statistic                  458.59     using 4096 bins, spectrum 1, group 1.
                 C-Statistic                  658.82     using 4096 bins, spectrum 2, group 2.
Total fit statistic                          1117.41     with 8187 d.o.f.

Test statistic : Chi-Squared                 1008.68     using 8192 bins.

***Warning: Chi-square may not be valid due to bins with zero variance
            in spectrum number(s): 1 2 

 Null hypothesis probability of 1.00e+00 with 8187 degrees of freedom
 Current data and model not fit yet.

Fit statistic  : C-Statistic                  458.59     using 4096 bins, spectrum 1, group 1.
                 C-Statistic                  658.82     using 4096 bins, spectrum 2, group 2.
Total fit statistic                          1117.41     with 8186 d.o.f.

Test statistic : Chi-Squared                 1008.68     using 8192 bins.

***Warning: Chi-square may not be valid due to bins with zero variance
            in spectrum number(s): 1 2 

 Null hypothesis probability of 1.00e+00 with 8186 degrees of freedom
 Current data and model not fit yet.

Fit statistic  : C-Statistic                  458.59     using 4096 bins, spectrum 1, group 1.
                 C-Statistic                  658.82     using 4096 bins, spectrum 2, group 2.
Total fit statistic                          1117.41     with 8185 d.o.f.

Test statistic : Chi-Squared                 1008.68     using 8192 bins.

***Warning: Chi-square may not be valid due to bins with zero variance
            in spectrum number(s): 1 2 

 Null hypothesis probability of 1.00e+00 with 8185 degrees of freedom
 Current data and model not fit yet.

Fit statistic  : C-Statistic                  458.59     using 4096 bins, spectrum 1, group 1.
                 C-Statistic                  658.82     using 4096 bins, spectrum 2, group 2.
Total fit statistic                          1117.41     with 8184 d.o.f.

Test statistic : Chi-Squared                 1008.68     using 8192 bins.

***Warning: Chi-square may not be valid due to bins with zero variance
            in spectrum number(s): 1 2 

 Null hypothesis probability of 1.00e+00 with 8184 degrees of freedom
 Current data and model not fit yet.

Fit statistic  : C-Statistic                  458.59     using 4096 bins, spectrum 1, group 1.
                 C-Statistic                  658.82     using 4096 bins, spectrum 2, group 2.
Total fit statistic                          1117.41     with 8184 d.o.f.

Test statistic : Chi-Squared                 1008.68     using 8192 bins.

***Warning: Chi-square may not be valid due to bins with zero variance
            in spectrum number(s): 1 2 

 Null hypothesis probability of 1.00e+00 with 8184 degrees of freedom
 Current data and model not fit yet.
Default fit statistic is set to: C-Statistic
   This will apply to all current and newly loaded spectra.

Fit statistic  : C-Statistic                  458.59     using 4096 bins, spectrum 1, group 1.
                 C-Statistic                  658.82     using 4096 bins, spectrum 2, group 2.
Total fit statistic                          1117.41     with 8184 d.o.f.

Test statistic : Chi-Squared                 1008.68     using 8192 bins.

***Warning: Chi-square may not be valid due to bins with zero variance
            in spectrum number(s): 1 2 

 Null hypothesis probability of 1.00e+00 with 8184 degrees of freedom
 Current data and model not fit yet.
                                   Parameters
C-Statistic  |beta|/N    Lvl  pileup:1:lam   pileup:2:mu pileup:3:sigm pileup:4:norm  pileup:5:lam   pileup:6:mu pileup:7:sigm pileup:8:norm
769.942      100.919      -2       3.00000       3.45041       1.02237      0.412063       2.78268       4.19293      0.824964      0.281636
590.579      96.3534      -3       3.00000       3.38936       1.13127      0.536120       2.68976       3.99924      0.988191      0.356563
514.101      46.6668      -4       3.00000       3.30725       1.25359      0.610569       2.52014       3.76537       1.13714      0.429202
475.256      24.3565      -5       3.00000       3.19681       1.37367      0.659707       2.05723       3.58254       1.19341      0.474512
438.642      12.1703      -6       3.00000       3.07228       1.47823      0.704477       1.33120       3.47496       1.07558      0.465359
420.184      5.88091      -7       3.00000       2.96334       1.55647      0.742319       1.01194       3.38019      0.786410      0.435033
416.821      3.57989      -8       3.00000       2.88965       1.60526      0.767843      0.938528       3.32718      0.630180      0.432613
416.593      1.25394      -9       3.00000       2.84965       1.63089      0.781574      0.932323       3.30476      0.628473      0.437169
416.562      0.440623    -10       3.00000       2.83079       1.64285      0.787952      0.929874       3.30467      0.621747      0.436793
416.556      0.185388    -11       3.00000       2.82249       1.64809      0.790724      0.929515       3.30322      0.622845      0.437009
416.419      0.0760253     0       2.83226       2.81875       1.64604      0.789597      0.929484       3.30327      0.622649      0.437000
415.225      0.837633     -1       2.15844       2.76236       1.60520      0.777051      0.929387       3.30338      0.622296      0.436956
412.399      2.29902      -1       1.63482       2.70047       1.51146      0.754197      0.929354       3.30335      0.622285      0.436953
407.791      3.39839      -1       1.33867       2.69190       1.34804      0.714575      0.929341       3.30334      0.622270      0.436952
403.871      2.60087      -1       1.21461       2.77414       1.17112      0.664834      0.929336       3.30333      0.622265      0.436952
403.56       1.25029      -2       1.03719       3.17903      0.748937      0.500420      0.929333       3.30333      0.622262      0.436952
399.421      5.9832       -3       1.09176       3.06061      0.817772      0.548200      0.929333       3.30333      0.622261      0.436952
399.257      1.60413      -4       1.08213       3.05024      0.800404      0.556625      0.929333       3.30333      0.622261      0.436952
399.251      0.0956565    -5       1.07759       3.05131      0.790907      0.555543      0.929333       3.30333      0.622261      0.436952
==========================================================================================
 Variances and Principal Axes
          pileup:1 pileup:2 pileup:3 pileup:4 pileup:5 pileup:6 pileup:7 pileup:8  
 4.0485E-04|  0.0000   0.0000   0.0000   0.0000  -0.2097   0.1949   0.0036   0.9581  
 5.7045E-04| -0.2635   0.2920   0.0491   0.9181   0.0000   0.0000   0.0000   0.0000  
 1.4136E-03|  0.0000   0.0000   0.0000   0.0000   0.8514  -0.3329  -0.3149   0.2552  
 1.7157E-03|  0.6994  -0.3472  -0.5245   0.3393   0.0000   0.0000   0.0000   0.0000  
 8.7595E-03|  0.0000   0.0000   0.0000   0.0000  -0.4341  -0.8796  -0.1753   0.0846  
 1.4510E-02| -0.6241  -0.7094  -0.3213   0.0637   0.0000   0.0000   0.0000   0.0000  
 1.7338E-02|  0.0000   0.0000   0.0000   0.0000   0.2067  -0.2784   0.9328   0.0984  
 3.4979E-02|  0.2278  -0.5394   0.7869   0.1949   0.0000   0.0000   0.0000   0.0000  
------------------------------------------------------------------------------------------

================================================================================================
  Covariance Matrix
        1           2           3           4           5           6           7           8   
   8.345e-03   1.665e-03   8.544e-03   1.246e-03   0.000e+00   0.000e+00   0.000e+00   0.000e+00
   1.665e-03   1.773e-02  -1.122e-02  -4.381e-03   0.000e+00   0.000e+00   0.000e+00   0.000e+00
   8.544e-03  -1.122e-02   2.363e-02   4.788e-03   0.000e+00   0.000e+00   0.000e+00   0.000e+00
   1.246e-03  -4.381e-03   4.788e-03   2.066e-03   0.000e+00   0.000e+00   0.000e+00   0.000e+00
   0.000e+00   0.000e+00   0.000e+00   0.000e+00   3.434e-03   1.930e-03   3.630e-03   2.566e-04
   0.000e+00   0.000e+00   0.000e+00   0.000e+00   1.930e-03   8.293e-03  -3.004e-03  -1.171e-03
   0.000e+00   0.000e+00   0.000e+00   0.000e+00   3.630e-03  -3.004e-03   1.549e-02   1.349e-03
   0.000e+00   0.000e+00   0.000e+00   0.000e+00   2.566e-04  -1.171e-03   1.349e-03   6.942e-04
------------------------------------------------------------------------------------------------

========================================================================
Model pileup:expmodgauss<1> Source No.: 1   Active/On
Model Model Component  Parameter  Unit     Value
 par  comp
                           Data group: 1
   1    1   expmodgausslam        ct/keV/s 1.07759      +/-  9.13520E-02  
   2    1   expmodgaussmu         keV      3.05131      +/-  0.133168     
   3    1   expmodgausssigma      keV      0.790907     +/-  0.153723     
   4    1   expmodgaussnorm                0.555543     +/-  4.54483E-02  
                           Data group: 2
   5    1   expmodgausslam        ct/keV/s 0.929333     +/-  5.85995E-02  
   6    1   expmodgaussmu         keV      3.30333      +/-  9.10658E-02  
   7    1   expmodgausssigma      keV      0.622261     +/-  0.124477     
   8    1   expmodgaussnorm                0.436952     +/-  2.63483E-02  
________________________________________________________________________


Fit statistic  : C-Statistic                  188.20     using 4096 bins, spectrum 1, group 1.
                 C-Statistic                  211.05     using 4096 bins, spectrum 2, group 2.
Total fit statistic                           399.25     with 8184 d.o.f.

Test statistic : Chi-Squared                  269.77     using 8192 bins.

***Warning: Chi-square may not be valid due to bins with zero variance
            in spectrum number(s): 1 2 

 Null hypothesis probability of 1.00e+00 with 8184 degrees of freedom
 Parameter   Confidence Range (2.706)
     1     0.927562      1.28063    (-0.148408,0.20466)
     2      2.80812      3.22276    (-0.242345,0.172297)
     3     0.498111      1.08019    (-0.290387,0.291692)
     4     0.494941     0.644354    (-0.0604843,0.0889296)
     5     0.830819      1.05106    (-0.0985135,0.121724)
     6      3.14416      3.44677    (-0.159166,0.143442)
     7     0.444393     0.828891    (-0.177868,0.20663)
     8     0.397845     0.482416    (-0.0391067,0.045464)
